mode: set
github.com/wiebe-xyz/funnelbarn/internal/service/abtests.go:21.62,23.2 1 1
github.com/wiebe-xyz/funnelbarn/internal/service/abtests.go:32.109,33.42 1 1
github.com/wiebe-xyz/funnelbarn/internal/service/abtests.go:33.42,35.3 1 1
github.com/wiebe-xyz/funnelbarn/internal/service/abtests.go:36.2,36.37 1 1
github.com/wiebe-xyz/funnelbarn/internal/service/abtests.go:36.37,38.3 1 1
github.com/wiebe-xyz/funnelbarn/internal/service/abtests.go:39.2,39.48 1 1
github.com/wiebe-xyz/funnelbarn/internal/service/abtests.go:39.48,41.3 1 1
github.com/wiebe-xyz/funnelbarn/internal/service/abtests.go:42.2,42.54 1 1
github.com/wiebe-xyz/funnelbarn/internal/service/abtests.go:42.54,44.3 1 1
github.com/wiebe-xyz/funnelbarn/internal/service/abtests.go:45.2,45.39 1 1
github.com/wiebe-xyz/funnelbarn/internal/service/abtests.go:48.107,50.2 1 1
github.com/wiebe-xyz/funnelbarn/internal/service/abtests.go:52.96,54.26 2 0
github.com/wiebe-xyz/funnelbarn/internal/service/abtests.go:54.26,56.3 1 0
github.com/wiebe-xyz/funnelbarn/internal/service/abtests.go:57.2,57.15 1 0
github.com/wiebe-xyz/funnelbarn/internal/service/abtests.go:60.138,62.2 1 1
github.com/wiebe-xyz/funnelbarn/internal/service/apikeys.go:18.62,20.2 1 1
github.com/wiebe-xyz/funnelbarn/internal/service/apikeys.go:22.130,23.35 1 1
github.com/wiebe-xyz/funnelbarn/internal/service/apikeys.go:23.35,25.3 1 1
github.com/wiebe-xyz/funnelbarn/internal/service/apikeys.go:26.2,26.40 1 1
github.com/wiebe-xyz/funnelbarn/internal/service/apikeys.go:26.40,28.3 1 1
github.com/wiebe-xyz/funnelbarn/internal/service/apikeys.go:29.2,29.82 1 1
github.com/wiebe-xyz/funnelbarn/internal/service/apikeys.go:29.82,31.3 1 1
github.com/wiebe-xyz/funnelbarn/internal/service/apikeys.go:32.2,32.71 1 1
github.com/wiebe-xyz/funnelbarn/internal/service/apikeys.go:35.107,37.2 1 1
github.com/wiebe-xyz/funnelbarn/internal/service/apikeys.go:39.92,41.2 1 1
github.com/wiebe-xyz/funnelbarn/internal/service/apikeys.go:43.78,45.2 1 1
github.com/wiebe-xyz/funnelbarn/internal/service/apikeys.go:47.140,49.2 1 1
github.com/wiebe-xyz/funnelbarn/internal/service/apikeys.go:51.84,53.2 1 1
github.com/wiebe-xyz/funnelbarn/internal/service/events.go:17.59,19.2 1 1
github.com/wiebe-xyz/funnelbarn/internal/service/events.go:21.85,23.2 1 1
github.com/wiebe-xyz/funnelbarn/internal/service/events.go:25.123,27.2 1 1
github.com/wiebe-xyz/funnelbarn/internal/service/events.go:29.124,31.2 1 1
github.com/wiebe-xyz/funnelbarn/internal/service/events.go:33.148,35.2 1 1
github.com/wiebe-xyz/funnelbarn/internal/service/events.go:37.156,39.2 1 1
github.com/wiebe-xyz/funnelbarn/internal/service/events.go:41.152,43.2 1 1
github.com/wiebe-xyz/funnelbarn/internal/service/events.go:45.153,47.2 1 0
github.com/wiebe-xyz/funnelbarn/internal/service/events.go:49.155,51.2 1 1
github.com/wiebe-xyz/funnelbarn/internal/service/events.go:53.154,55.2 1 1
github.com/wiebe-xyz/funnelbarn/internal/service/events.go:57.145,59.2 1 1
github.com/wiebe-xyz/funnelbarn/internal/service/events.go:61.158,63.2 1 1
github.com/wiebe-xyz/funnelbarn/internal/service/events.go:65.152,67.2 1 1
github.com/wiebe-xyz/funnelbarn/internal/service/events.go:69.125,71.2 1 1
github.com/wiebe-xyz/funnelbarn/internal/service/events.go:73.134,75.2 1 1
github.com/wiebe-xyz/funnelbarn/internal/service/events.go:77.131,79.2 1 1
github.com/wiebe-xyz/funnelbarn/internal/service/events.go:81.110,83.2 1 1
github.com/wiebe-xyz/funnelbarn/internal/service/events.go:85.102,87.2 1 0
github.com/wiebe-xyz/funnelbarn/internal/service/events.go:89.118,91.2 1 0
github.com/wiebe-xyz/funnelbarn/internal/service/events.go:93.138,95.2 1 0
github.com/wiebe-xyz/funnelbarn/internal/service/events.go:97.119,99.2 1 0
github.com/wiebe-xyz/funnelbarn/internal/service/events.go:101.159,103.2 1 0
github.com/wiebe-xyz/funnelbarn/internal/service/events.go:105.104,107.2 1 0
github.com/wiebe-xyz/funnelbarn/internal/service/events.go:109.125,111.2 1 0
github.com/wiebe-xyz/funnelbarn/internal/service/flags.go:51.53,52.42 1 1
github.com/wiebe-xyz/funnelbarn/internal/service/flags.go:52.42,54.3 1 1
github.com/wiebe-xyz/funnelbarn/internal/service/flags.go:55.2,56.66 2 1
github.com/wiebe-xyz/funnelbarn/internal/service/flags.go:56.66,58.3 1 1
github.com/wiebe-xyz/funnelbarn/internal/service/flags.go:59.2,59.26 1 1
github.com/wiebe-xyz/funnelbarn/internal/service/flags.go:59.26,60.19 1 1
github.com/wiebe-xyz/funnelbarn/internal/service/flags.go:60.19,62.4 1 1
github.com/wiebe-xyz/funnelbarn/internal/service/flags.go:63.3,63.22 1 1
github.com/wiebe-xyz/funnelbarn/internal/service/flags.go:63.22,65.4 1 1
github.com/wiebe-xyz/funnelbarn/internal/service/flags.go:66.3,66.43 1 1
github.com/wiebe-xyz/funnelbarn/internal/service/flags.go:66.43,68.4 1 1
github.com/wiebe-xyz/funnelbarn/internal/service/flags.go:69.3,69.29 1 1
github.com/wiebe-xyz/funnelbarn/internal/service/flags.go:69.29,71.4 1 1
github.com/wiebe-xyz/funnelbarn/internal/service/flags.go:72.3,72.34 1 1
github.com/wiebe-xyz/funnelbarn/internal/service/flags.go:72.34,73.26 1 1
github.com/wiebe-xyz/funnelbarn/internal/service/flags.go:73.26,75.5 1 1
github.com/wiebe-xyz/funnelbarn/internal/service/flags.go:76.4,76.35 1 1
github.com/wiebe-xyz/funnelbarn/internal/service/flags.go:76.35,78.5 1 1
github.com/wiebe-xyz/funnelbarn/internal/service/flags.go:81.2,81.12 1 1
github.com/wiebe-xyz/funnelbarn/internal/service/flags.go:88.56,90.2 1 1
github.com/wiebe-xyz/funnelbarn/internal/service/flags.go:92.115,94.2 1 1
github.com/wiebe-xyz/funnelbarn/internal/service/flags.go:96.97,98.2 1 1
github.com/wiebe-xyz/funnelbarn/internal/service/flags.go:100.118,102.2 1 1
github.com/wiebe-xyz/funnelbarn/internal/service/flags.go:104.108,106.2 1 1
github.com/wiebe-xyz/funnelbarn/internal/service/flags.go:108.115,110.2 1 1
github.com/wiebe-xyz/funnelbarn/internal/service/flags.go:112.74,114.2 1 1
github.com/wiebe-xyz/funnelbarn/internal/service/flags.go:116.138,124.16 4 1
github.com/wiebe-xyz/funnelbarn/internal/service/flags.go:124.16,127.3 2 1
github.com/wiebe-xyz/funnelbarn/internal/service/flags.go:129.2,129.29 1 1
github.com/wiebe-xyz/funnelbarn/internal/service/flags.go:129.29,138.3 3 1
github.com/wiebe-xyz/funnelbarn/internal/service/flags.go:140.2,141.24 2 1
github.com/wiebe-xyz/funnelbarn/internal/service/flags.go:141.24,143.3 1 0
github.com/wiebe-xyz/funnelbarn/internal/service/flags.go:144.2,144.24 1 1
github.com/wiebe-xyz/funnelbarn/internal/service/flags.go:144.24,146.3 1 0
github.com/wiebe-xyz/funnelbarn/internal/service/flags.go:147.2,151.101 3 1
github.com/wiebe-xyz/funnelbarn/internal/service/flags.go:151.101,173.3 4 1
github.com/wiebe-xyz/funnelbarn/internal/service/flags.go:175.2,197.8 5 1
github.com/wiebe-xyz/funnelbarn/internal/service/flags.go:200.148,208.16 4 0
github.com/wiebe-xyz/funnelbarn/internal/service/flags.go:208.16,211.3 2 0
github.com/wiebe-xyz/funnelbarn/internal/service/flags.go:213.2,214.32 2 0
github.com/wiebe-xyz/funnelbarn/internal/service/flags.go:214.32,216.17 2 0
github.com/wiebe-xyz/funnelbarn/internal/service/flags.go:216.17,218.4 1 0
github.com/wiebe-xyz/funnelbarn/internal/service/flags.go:221.2,222.37 2 0
github.com/wiebe-xyz/funnelbarn/internal/service/flags.go:222.37,225.17 3 0
github.com/wiebe-xyz/funnelbarn/internal/service/flags.go:225.17,227.4 1 0
github.com/wiebe-xyz/funnelbarn/internal/service/flags.go:228.3,233.5 1 0
github.com/wiebe-xyz/funnelbarn/internal/service/flags.go:235.2,235.42 1 0
github.com/wiebe-xyz/funnelbarn/internal/service/flags.go:235.42,235.92 1 0
github.com/wiebe-xyz/funnelbarn/internal/service/flags.go:236.2,236.21 1 0
github.com/wiebe-xyz/funnelbarn/internal/service/flags.go:240.85,242.85 2 1
github.com/wiebe-xyz/funnelbarn/internal/service/flags.go:242.85,244.3 1 0
github.com/wiebe-xyz/funnelbarn/internal/service/flags.go:246.2,250.23 4 1
github.com/wiebe-xyz/funnelbarn/internal/service/flags.go:250.23,252.3 1 1
github.com/wiebe-xyz/funnelbarn/internal/service/flags.go:253.2,256.25 3 1
github.com/wiebe-xyz/funnelbarn/internal/service/flags.go:256.25,258.26 2 1
github.com/wiebe-xyz/funnelbarn/internal/service/flags.go:258.26,260.4 1 1
github.com/wiebe-xyz/funnelbarn/internal/service/flags.go:262.2,262.23 1 0
github.com/wiebe-xyz/funnelbarn/internal/service/flags.go:265.62,267.72 2 1
github.com/wiebe-xyz/funnelbarn/internal/service/flags.go:267.72,269.3 1 0
github.com/wiebe-xyz/funnelbarn/internal/service/flags.go:270.2,271.9 2 1
github.com/wiebe-xyz/funnelbarn/internal/service/flags.go:271.9,273.3 1 0
github.com/wiebe-xyz/funnelbarn/internal/service/flags.go:274.2,274.15 1 1
github.com/wiebe-xyz/funnelbarn/internal/service/flags.go:277.46,280.2 2 1
github.com/wiebe-xyz/funnelbarn/internal/service/flags.go:282.59,284.9 2 1
github.com/wiebe-xyz/funnelbarn/internal/service/flags.go:284.9,286.3 1 1
github.com/wiebe-xyz/funnelbarn/internal/service/flags.go:287.2,287.29 1 1
github.com/wiebe-xyz/funnelbarn/internal/service/flags.go:287.29,289.3 1 1
github.com/wiebe-xyz/funnelbarn/internal/service/flags.go:290.2,290.29 1 0
github.com/wiebe-xyz/funnelbarn/internal/service/flags.go:294.51,295.19 1 1
github.com/wiebe-xyz/funnelbarn/internal/service/flags.go:295.19,297.3 1 0
github.com/wiebe-xyz/funnelbarn/internal/service/flags.go:298.2,299.21 2 1
github.com/wiebe-xyz/funnelbarn/internal/service/flags.go:299.21,301.3 1 1
github.com/wiebe-xyz/funnelbarn/internal/service/flags.go:302.2,302.13 1 1
github.com/wiebe-xyz/funnelbarn/internal/service/flags.go:305.129,307.2 1 0
github.com/wiebe-xyz/funnelbarn/internal/service/flags.go:309.108,310.42 1 1
github.com/wiebe-xyz/funnelbarn/internal/service/flags.go:310.42,312.3 1 1
github.com/wiebe-xyz/funnelbarn/internal/service/flags.go:313.2,314.66 2 1
github.com/wiebe-xyz/funnelbarn/internal/service/flags.go:314.66,316.3 1 0
github.com/wiebe-xyz/funnelbarn/internal/service/flags.go:317.2,317.29 1 1
github.com/wiebe-xyz/funnelbarn/internal/service/flags.go:317.29,318.32 1 1
github.com/wiebe-xyz/funnelbarn/internal/service/flags.go:318.32,319.12 1 0
github.com/wiebe-xyz/funnelbarn/internal/service/flags.go:321.3,321.29 1 1
github.com/wiebe-xyz/funnelbarn/internal/service/flags.go:321.29,323.4 1 1
github.com/wiebe-xyz/funnelbarn/internal/service/flags.go:325.2,325.22 1 1
github.com/wiebe-xyz/funnelbarn/internal/service/flags.go:328.63,329.25 1 1
github.com/wiebe-xyz/funnelbarn/internal/service/flags.go:329.25,330.37 1 1
github.com/wiebe-xyz/funnelbarn/internal/service/flags.go:330.37,331.33 1 1
github.com/wiebe-xyz/funnelbarn/internal/service/flags.go:331.33,333.5 1 1
github.com/wiebe-xyz/funnelbarn/internal/service/flags.go:335.3,335.15 1 0
github.com/wiebe-xyz/funnelbarn/internal/service/flags.go:337.2,337.36 1 1
github.com/wiebe-xyz/funnelbarn/internal/service/flags.go:337.36,338.33 1 1
github.com/wiebe-xyz/funnelbarn/internal/service/flags.go:338.33,340.4 1 1
github.com/wiebe-xyz/funnelbarn/internal/service/flags.go:342.2,342.13 1 1
github.com/wiebe-xyz/funnelbarn/internal/service/flags.go:345.71,348.29 2 1
github.com/wiebe-xyz/funnelbarn/internal/service/flags.go:348.29,350.3 1 1
github.com/wiebe-xyz/funnelbarn/internal/service/flags.go:351.2,351.33 1 1
github.com/wiebe-xyz/funnelbarn/internal/service/flags.go:351.33,353.3 1 1
github.com/wiebe-xyz/funnelbarn/internal/service/flags.go:355.2,355.13 1 1
github.com/wiebe-xyz/funnelbarn/internal/service/flags.go:355.13,357.3 1 1
github.com/wiebe-xyz/funnelbarn/internal/service/flags.go:359.2,360.31 2 1
github.com/wiebe-xyz/funnelbarn/internal/service/flags.go:360.31,362.3 1 1
github.com/wiebe-xyz/funnelbarn/internal/service/flags.go:362.8,364.3 1 1
github.com/wiebe-xyz/funnelbarn/internal/service/flags.go:366.2,366.20 1 1
github.com/wiebe-xyz/funnelbarn/internal/service/flags.go:367.12,368.27 1 1
github.com/wiebe-xyz/funnelbarn/internal/service/flags.go:369.13,370.27 1 1
github.com/wiebe-xyz/funnelbarn/internal/service/flags.go:371.18,372.43 1 1
github.com/wiebe-xyz/funnelbarn/internal/service/flags.go:373.22,374.44 1 1
github.com/wiebe-xyz/funnelbarn/internal/service/flags.go:375.21,376.44 1 1
github.com/wiebe-xyz/funnelbarn/internal/service/flags.go:377.19,378.44 1 1
github.com/wiebe-xyz/funnelbarn/internal/service/flags.go:379.12,380.49 1 1
github.com/wiebe-xyz/funnelbarn/internal/service/flags.go:380.49,381.38 1 1
github.com/wiebe-xyz/funnelbarn/internal/service/flags.go:381.38,383.5 1 1
github.com/wiebe-xyz/funnelbarn/internal/service/flags.go:385.3,385.15 1 1
github.com/wiebe-xyz/funnelbarn/internal/service/flags.go:386.16,387.49 1 1
github.com/wiebe-xyz/funnelbarn/internal/service/flags.go:387.49,388.38 1 1
github.com/wiebe-xyz/funnelbarn/internal/service/flags.go:388.38,390.5 1 1
github.com/wiebe-xyz/funnelbarn/internal/service/flags.go:392.3,392.14 1 1
github.com/wiebe-xyz/funnelbarn/internal/service/flags.go:393.10,394.15 1 0
github.com/wiebe-xyz/funnelbarn/internal/service/funnels.go:22.62,24.2 1 1
github.com/wiebe-xyz/funnelbarn/internal/service/funnels.go:26.109,27.42 1 1
github.com/wiebe-xyz/funnelbarn/internal/service/funnels.go:27.42,29.3 1 1
github.com/wiebe-xyz/funnelbarn/internal/service/funnels.go:30.2,30.37 1 1
github.com/wiebe-xyz/funnelbarn/internal/service/funnels.go:30.37,32.3 1 1
github.com/wiebe-xyz/funnelbarn/internal/service/funnels.go:33.2,33.23 1 1
github.com/wiebe-xyz/funnelbarn/internal/service/funnels.go:33.23,35.3 1 1
github.com/wiebe-xyz/funnelbarn/internal/service/funnels.go:36.2,36.31 1 1
github.com/wiebe-xyz/funnelbarn/internal/service/funnels.go:36.31,37.46 1 1
github.com/wiebe-xyz/funnelbarn/internal/service/funnels.go:37.46,39.4 1 1
github.com/wiebe-xyz/funnelbarn/internal/service/funnels.go:41.2,41.39 1 1
github.com/wiebe-xyz/funnelbarn/internal/service/funnels.go:44.107,46.2 1 1
github.com/wiebe-xyz/funnelbarn/internal/service/funnels.go:48.96,50.16 2 1
github.com/wiebe-xyz/funnelbarn/internal/service/funnels.go:50.16,51.36 1 1
github.com/wiebe-xyz/funnelbarn/internal/service/funnels.go:51.36,53.4 1 1
github.com/wiebe-xyz/funnelbarn/internal/service/funnels.go:54.3,54.34 1 0
github.com/wiebe-xyz/funnelbarn/internal/service/funnels.go:56.2,56.15 1 1
github.com/wiebe-xyz/funnelbarn/internal/service/funnels.go:59.109,61.2 1 1
github.com/wiebe-xyz/funnelbarn/internal/service/funnels.go:63.78,65.2 1 1
github.com/wiebe-xyz/funnelbarn/internal/service/funnels.go:67.206,69.2 1 1
github.com/wiebe-xyz/funnelbarn/internal/service/funnels.go:71.119,73.2 1 1
github.com/wiebe-xyz/funnelbarn/internal/service/helpers.go:6.41,8.2 1 1
github.com/wiebe-xyz/funnelbarn/internal/service/projects.go:20.37,26.32 5 1
github.com/wiebe-xyz/funnelbarn/internal/service/projects.go:26.32,28.3 1 0
github.com/wiebe-xyz/funnelbarn/internal/service/projects.go:29.2,29.10 1 1
github.com/wiebe-xyz/funnelbarn/internal/service/projects.go:38.65,40.2 1 1
github.com/wiebe-xyz/funnelbarn/internal/service/projects.go:42.110,43.35 1 1
github.com/wiebe-xyz/funnelbarn/internal/service/projects.go:43.35,45.3 1 1
github.com/wiebe-xyz/funnelbarn/internal/service/projects.go:46.2,47.16 2 1
github.com/wiebe-xyz/funnelbarn/internal/service/projects.go:47.16,49.3 1 1
github.com/wiebe-xyz/funnelbarn/internal/service/projects.go:50.2,51.16 2 1
github.com/wiebe-xyz/funnelbarn/internal/service/projects.go:51.16,52.30 1 1
github.com/wiebe-xyz/funnelbarn/internal/service/projects.go:52.30,54.4 1 1
github.com/wiebe-xyz/funnelbarn/internal/service/projects.go:55.3,55.35 1 0
github.com/wiebe-xyz/funnelbarn/internal/service/projects.go:57.2,57.15 1 1
github.com/wiebe-xyz/funnelbarn/internal/service/projects.go:60.92,62.2 1 1
github.com/wiebe-xyz/funnelbarn/internal/service/projects.go:64.99,66.16 2 1
github.com/wiebe-xyz/funnelbarn/internal/service/projects.go:66.16,67.36 1 1
github.com/wiebe-xyz/funnelbarn/internal/service/projects.go:67.36,69.4 1 1
github.com/wiebe-xyz/funnelbarn/internal/service/projects.go:70.3,70.35 1 0
github.com/wiebe-xyz/funnelbarn/internal/service/projects.go:72.2,72.15 1 1
github.com/wiebe-xyz/funnelbarn/internal/service/projects.go:75.107,77.16 2 1
github.com/wiebe-xyz/funnelbarn/internal/service/projects.go:77.16,78.36 1 0
github.com/wiebe-xyz/funnelbarn/internal/service/projects.go:78.36,80.4 1 0
github.com/wiebe-xyz/funnelbarn/internal/service/projects.go:81.3,81.35 1 0
github.com/wiebe-xyz/funnelbarn/internal/service/projects.go:83.2,83.15 1 1
github.com/wiebe-xyz/funnelbarn/internal/service/projects.go:86.123,87.35 1 1
github.com/wiebe-xyz/funnelbarn/internal/service/projects.go:87.35,89.3 1 1
github.com/wiebe-xyz/funnelbarn/internal/service/projects.go:90.2,91.16 2 1
github.com/wiebe-xyz/funnelbarn/internal/service/projects.go:91.16,92.36 1 0
github.com/wiebe-xyz/funnelbarn/internal/service/projects.go:92.36,94.4 1 0
github.com/wiebe-xyz/funnelbarn/internal/service/projects.go:95.3,95.35 1 0
github.com/wiebe-xyz/funnelbarn/internal/service/projects.go:97.2,97.15 1 1
github.com/wiebe-xyz/funnelbarn/internal/service/projects.go:100.80,101.33 1 1
github.com/wiebe-xyz/funnelbarn/internal/service/projects.go:101.33,103.3 1 1
github.com/wiebe-xyz/funnelbarn/internal/service/projects.go:104.2,104.41 1 1
github.com/wiebe-xyz/funnelbarn/internal/service/projects.go:107.103,108.33 1 1
github.com/wiebe-xyz/funnelbarn/internal/service/projects.go:108.33,110.3 1 1
github.com/wiebe-xyz/funnelbarn/internal/service/projects.go:111.2,112.16 2 1
github.com/wiebe-xyz/funnelbarn/internal/service/projects.go:112.16,113.36 1 0
github.com/wiebe-xyz/funnelbarn/internal/service/projects.go:113.36,115.4 1 0
github.com/wiebe-xyz/funnelbarn/internal/service/projects.go:116.3,116.35 1 0
github.com/wiebe-xyz/funnelbarn/internal/service/projects.go:118.2,118.15 1 1
github.com/wiebe-xyz/funnelbarn/internal/service/projects.go:121.117,123.2 1 1
github.com/wiebe-xyz/funnelbarn/internal/service/projects.go:125.102,127.2 1 1
github.com/wiebe-xyz/funnelbarn/internal/service/projects.go:129.104,131.2 1 1
github.com/wiebe-xyz/funnelbarn/internal/service/projects.go:133.75,135.2 1 1
github.com/wiebe-xyz/funnelbarn/internal/service/projects.go:137.106,139.2 1 1
github.com/wiebe-xyz/funnelbarn/internal/service/recordings.go:47.147,49.2 1 1
github.com/wiebe-xyz/funnelbarn/internal/service/recordings.go:53.91,56.16 2 1
github.com/wiebe-xyz/funnelbarn/internal/service/recordings.go:56.16,58.3 1 0
github.com/wiebe-xyz/funnelbarn/internal/service/recordings.go:60.2,61.62 2 1
github.com/wiebe-xyz/funnelbarn/internal/service/recordings.go:61.62,63.3 1 0
github.com/wiebe-xyz/funnelbarn/internal/service/recordings.go:65.2,80.44 3 1
github.com/wiebe-xyz/funnelbarn/internal/service/recordings.go:84.95,85.24 1 1
github.com/wiebe-xyz/funnelbarn/internal/service/recordings.go:85.24,87.3 1 1
github.com/wiebe-xyz/funnelbarn/internal/service/recordings.go:88.2,90.16 3 0
github.com/wiebe-xyz/funnelbarn/internal/service/recordings.go:90.16,92.3 1 0
github.com/wiebe-xyz/funnelbarn/internal/service/recordings.go:93.2,93.27 1 0
github.com/wiebe-xyz/funnelbarn/internal/service/recordings.go:93.27,94.39 1 0
github.com/wiebe-xyz/funnelbarn/internal/service/recordings.go:94.39,97.4 2 0
github.com/wiebe-xyz/funnelbarn/internal/service/recordings.go:98.3,98.64 1 0
github.com/wiebe-xyz/funnelbarn/internal/service/recordings.go:98.64,100.4 1 0
github.com/wiebe-xyz/funnelbarn/internal/service/recordings.go:102.2,102.12 1 0
github.com/wiebe-xyz/funnelbarn/internal/service/recordings.go:106.151,108.2 1 1
github.com/wiebe-xyz/funnelbarn/internal/service/recordings.go:111.118,113.16 2 1
github.com/wiebe-xyz/funnelbarn/internal/service/recordings.go:113.16,115.3 1 0
github.com/wiebe-xyz/funnelbarn/internal/service/recordings.go:116.2,116.32 1 1
github.com/wiebe-xyz/funnelbarn/internal/service/recordings.go:116.32,118.3 1 0
github.com/wiebe-xyz/funnelbarn/internal/service/recordings.go:120.2,122.16 3 1
github.com/wiebe-xyz/funnelbarn/internal/service/recordings.go:122.16,124.3 1 0
github.com/wiebe-xyz/funnelbarn/internal/service/recordings.go:125.2,125.27 1 1
github.com/wiebe-xyz/funnelbarn/internal/service/recordings.go:129.120,131.16 2 1
github.com/wiebe-xyz/funnelbarn/internal/service/recordings.go:131.16,133.3 1 0
github.com/wiebe-xyz/funnelbarn/internal/service/recordings.go:134.2,134.32 1 1
github.com/wiebe-xyz/funnelbarn/internal/service/recordings.go:134.32,136.3 1 1
github.com/wiebe-xyz/funnelbarn/internal/service/recordings.go:137.2,137.27 1 1
github.com/wiebe-xyz/funnelbarn/internal/service/recordings.go:141.148,143.2 1 1
github.com/wiebe-xyz/funnelbarn/internal/service/recordings.go:146.147,148.16 2 0
github.com/wiebe-xyz/funnelbarn/internal/service/recordings.go:148.16,150.3 1 0
github.com/wiebe-xyz/funnelbarn/internal/service/recordings.go:151.2,151.30 1 0
github.com/wiebe-xyz/funnelbarn/internal/service/recordings.go:151.30,153.3 1 0
github.com/wiebe-xyz/funnelbarn/internal/service/recordings.go:154.2,154.69 1 0
github.com/wiebe-xyz/funnelbarn/internal/service/recordings.go:158.129,160.2 1 0
github.com/wiebe-xyz/funnelbarn/internal/service/recordings.go:162.66,164.2 1 1
github.com/wiebe-xyz/funnelbarn/internal/service/recordings.go:167.41,170.72 2 1
github.com/wiebe-xyz/funnelbarn/internal/service/recordings.go:170.72,172.3 1 1
github.com/wiebe-xyz/funnelbarn/internal/service/recordings.go:173.2,175.79 1 1
github.com/wiebe-xyz/funnelbarn/internal/service/recordings.go:175.79,177.3 1 1
github.com/wiebe-xyz/funnelbarn/internal/service/recordings.go:178.2,178.18 1 1
github.com/wiebe-xyz/funnelbarn/internal/service/recordings.go:182.32,183.14 1 1
github.com/wiebe-xyz/funnelbarn/internal/service/recordings.go:183.14,185.3 1 1
github.com/wiebe-xyz/funnelbarn/internal/service/recordings.go:186.2,196.31 3 1
github.com/wiebe-xyz/funnelbarn/internal/service/recordings.go:196.31,197.30 1 1
github.com/wiebe-xyz/funnelbarn/internal/service/recordings.go:197.30,199.4 1 1
github.com/wiebe-xyz/funnelbarn/internal/service/recordings.go:201.2,201.14 1 1
github.com/wiebe-xyz/funnelbarn/internal/service/recordings.go:204.44,207.41 3 1
github.com/wiebe-xyz/funnelbarn/internal/service/recordings.go:207.41,209.3 1 0
github.com/wiebe-xyz/funnelbarn/internal/service/recordings.go:210.2,210.34 1 1
github.com/wiebe-xyz/funnelbarn/internal/service/recordings.go:210.34,212.3 1 0
github.com/wiebe-xyz/funnelbarn/internal/service/recordings.go:213.2,213.25 1 1
github.com/wiebe-xyz/funnelbarn/internal/service/recordings.go:216.42,218.16 2 1
github.com/wiebe-xyz/funnelbarn/internal/service/recordings.go:218.16,220.3 1 0
github.com/wiebe-xyz/funnelbarn/internal/service/recordings.go:221.2,223.43 3 1
github.com/wiebe-xyz/funnelbarn/internal/service/recordings.go:223.43,225.3 1 0
github.com/wiebe-xyz/funnelbarn/internal/service/recordings.go:226.2,226.25 1 1
github.com/wiebe-xyz/funnelbarn/internal/service/segments.go:16.66,18.2 1 1
github.com/wiebe-xyz/funnelbarn/internal/service/segments.go:20.147,21.16 1 1
github.com/wiebe-xyz/funnelbarn/internal/service/segments.go:21.16,23.3 1 1
github.com/wiebe-xyz/funnelbarn/internal/service/segments.go:24.2,24.45 1 1
github.com/wiebe-xyz/funnelbarn/internal/service/segments.go:24.45,26.3 1 1
github.com/wiebe-xyz/funnelbarn/internal/service/segments.go:27.2,31.4 1 1
github.com/wiebe-xyz/funnelbarn/internal/service/segments.go:34.110,36.2 1 1
github.com/wiebe-xyz/funnelbarn/internal/service/segments.go:38.99,40.2 1 1
github.com/wiebe-xyz/funnelbarn/internal/service/segments.go:42.140,43.16 1 1
github.com/wiebe-xyz/funnelbarn/internal/service/segments.go:43.16,45.3 1 1
github.com/wiebe-xyz/funnelbarn/internal/service/segments.go:46.2,46.45 1 1
github.com/wiebe-xyz/funnelbarn/internal/service/segments.go:46.45,48.3 1 0
github.com/wiebe-xyz/funnelbarn/internal/service/segments.go:49.2,49.91 1 1
github.com/wiebe-xyz/funnelbarn/internal/service/segments.go:52.80,54.2 1 1
github.com/wiebe-xyz/funnelbarn/internal/service/segments.go:56.58,57.26 1 1
github.com/wiebe-xyz/funnelbarn/internal/service/segments.go:57.26,58.61 1 1
github.com/wiebe-xyz/funnelbarn/internal/service/segments.go:58.61,60.4 1 1
github.com/wiebe-xyz/funnelbarn/internal/service/segments.go:61.3,61.21 1 1
github.com/wiebe-xyz/funnelbarn/internal/service/segments.go:62.74,62.74 0 1
github.com/wiebe-xyz/funnelbarn/internal/service/segments.go:63.11,64.60 1 1
github.com/wiebe-xyz/funnelbarn/internal/service/segments.go:67.2,67.12 1 1
github.com/wiebe-xyz/funnelbarn/internal/service/sessions.go:16.65,18.2 1 1
github.com/wiebe-xyz/funnelbarn/internal/service/sessions.go:20.94,22.2 1 1
github.com/wiebe-xyz/funnelbarn/internal/service/sessions.go:24.100,26.2 1 1
github.com/wiebe-xyz/funnelbarn/internal/service/sessions.go:28.129,30.2 1 1
github.com/wiebe-xyz/funnelbarn/internal/service/sessions.go:32.120,34.2 1 1
github.com/wiebe-xyz/funnelbarn/internal/service/widgets.go:14.62,16.2 1 0
github.com/wiebe-xyz/funnelbarn/internal/service/widgets.go:18.127,20.2 1 0
github.com/wiebe-xyz/funnelbarn/internal/service/widgets.go:22.105,24.2 1 0
github.com/wiebe-xyz/funnelbarn/internal/service/widgets.go:26.116,28.2 1 0
github.com/wiebe-xyz/funnelbarn/internal/service/widgets.go:30.127,32.2 1 0
github.com/wiebe-xyz/funnelbarn/internal/service/widgets.go:34.78,36.2 1 0
github.com/wiebe-xyz/funnelbarn/internal/service/widgets.go:38.162,40.2 1 0
github.com/wiebe-xyz/funnelbarn/internal/repository/abtests.go:37.77,40.16 3 1
github.com/wiebe-xyz/funnelbarn/internal/repository/abtests.go:40.16,42.3 1 0
github.com/wiebe-xyz/funnelbarn/internal/repository/abtests.go:43.2,49.16 2 1
github.com/wiebe-xyz/funnelbarn/internal/repository/abtests.go:49.16,51.3 1 0
github.com/wiebe-xyz/funnelbarn/internal/repository/abtests.go:52.2,52.32 1 1
github.com/wiebe-xyz/funnelbarn/internal/repository/abtests.go:56.76,68.16 4 1
github.com/wiebe-xyz/funnelbarn/internal/repository/abtests.go:68.16,70.3 1 1
github.com/wiebe-xyz/funnelbarn/internal/repository/abtests.go:71.2,71.15 1 1
github.com/wiebe-xyz/funnelbarn/internal/repository/abtests.go:75.86,82.16 3 1
github.com/wiebe-xyz/funnelbarn/internal/repository/abtests.go:82.16,84.3 1 0
github.com/wiebe-xyz/funnelbarn/internal/repository/abtests.go:85.2,88.18 3 1
github.com/wiebe-xyz/funnelbarn/internal/repository/abtests.go:88.18,94.17 2 1
github.com/wiebe-xyz/funnelbarn/internal/repository/abtests.go:94.17,96.4 1 0
github.com/wiebe-xyz/funnelbarn/internal/repository/abtests.go:97.3,97.27 1 1
github.com/wiebe-xyz/funnelbarn/internal/repository/abtests.go:99.2,99.26 1 1
github.com/wiebe-xyz/funnelbarn/internal/repository/abtests.go:103.106,114.25 4 1
github.com/wiebe-xyz/funnelbarn/internal/repository/abtests.go:114.25,116.21 2 1
github.com/wiebe-xyz/funnelbarn/internal/repository/abtests.go:116.21,117.63 1 0
github.com/wiebe-xyz/funnelbarn/internal/repository/abtests.go:117.63,119.5 1 0
github.com/wiebe-xyz/funnelbarn/internal/repository/abtests.go:122.3,123.17 2 1
github.com/wiebe-xyz/funnelbarn/internal/repository/abtests.go:123.17,125.4 1 0
github.com/wiebe-xyz/funnelbarn/internal/repository/abtests.go:127.3,128.17 2 1
github.com/wiebe-xyz/funnelbarn/internal/repository/abtests.go:128.17,130.4 1 0
github.com/wiebe-xyz/funnelbarn/internal/repository/abtests.go:132.3,133.16 2 1
github.com/wiebe-xyz/funnelbarn/internal/repository/abtests.go:133.16,135.4 1 0
github.com/wiebe-xyz/funnelbarn/internal/repository/abtests.go:137.3,142.5 1 1
github.com/wiebe-xyz/funnelbarn/internal/repository/abtests.go:144.2,144.21 1 1
github.com/wiebe-xyz/funnelbarn/internal/repository/abtests.go:148.131,149.22 1 1
github.com/wiebe-xyz/funnelbarn/internal/repository/abtests.go:149.22,153.3 3 1
github.com/wiebe-xyz/funnelbarn/internal/repository/abtests.go:154.2,159.91 3 0
github.com/wiebe-xyz/funnelbarn/internal/repository/abtests.go:163.158,164.22 1 1
github.com/wiebe-xyz/funnelbarn/internal/repository/abtests.go:164.22,170.3 3 1
github.com/wiebe-xyz/funnelbarn/internal/repository/abtests.go:171.2,186.15 4 0
github.com/wiebe-xyz/funnelbarn/internal/repository/apikeys.go:24.130,26.16 2 1
github.com/wiebe-xyz/funnelbarn/internal/repository/apikeys.go:26.16,27.20 1 1
github.com/wiebe-xyz/funnelbarn/internal/repository/apikeys.go:27.20,29.4 1 1
github.com/wiebe-xyz/funnelbarn/internal/repository/apikeys.go:30.3,30.28 1 0
github.com/wiebe-xyz/funnelbarn/internal/repository/apikeys.go:32.2,32.44 1 1
github.com/wiebe-xyz/funnelbarn/internal/repository/apikeys.go:36.74,38.2 1 1
github.com/wiebe-xyz/funnelbarn/internal/repository/apikeys.go:43.91,49.2 1 1
github.com/wiebe-xyz/funnelbarn/internal/repository/apikeys.go:52.109,60.17 2 1
github.com/wiebe-xyz/funnelbarn/internal/repository/apikeys.go:60.17,62.3 1 0
github.com/wiebe-xyz/funnelbarn/internal/repository/apikeys.go:63.2,64.16 2 1
github.com/wiebe-xyz/funnelbarn/internal/repository/apikeys.go:64.16,66.3 1 0
github.com/wiebe-xyz/funnelbarn/internal/repository/apikeys.go:67.2,67.30 1 1
github.com/wiebe-xyz/funnelbarn/internal/repository/apikeys.go:71.86,73.16 2 1
github.com/wiebe-xyz/funnelbarn/internal/repository/apikeys.go:73.16,75.3 1 0
github.com/wiebe-xyz/funnelbarn/internal/repository/apikeys.go:76.2,77.25 2 1
github.com/wiebe-xyz/funnelbarn/internal/repository/apikeys.go:77.25,79.3 1 1
github.com/wiebe-xyz/funnelbarn/internal/repository/apikeys.go:80.2,80.18 1 1
github.com/wiebe-xyz/funnelbarn/internal/repository/apikeys.go:84.71,86.16 2 1
github.com/wiebe-xyz/funnelbarn/internal/repository/apikeys.go:86.16,88.3 1 0
github.com/wiebe-xyz/funnelbarn/internal/repository/apikeys.go:89.2,90.25 2 1
github.com/wiebe-xyz/funnelbarn/internal/repository/apikeys.go:90.25,92.3 1 1
github.com/wiebe-xyz/funnelbarn/internal/repository/apikeys.go:93.2,93.18 1 1
github.com/wiebe-xyz/funnelbarn/internal/repository/apikeys.go:97.68,99.2 1 1
github.com/wiebe-xyz/funnelbarn/internal/repository/apikeys.go:102.31,104.2 1 1
github.com/wiebe-xyz/funnelbarn/internal/repository/apikeys.go:106.45,115.2 1 1
github.com/wiebe-xyz/funnelbarn/internal/repository/db.go:26.40,27.16 1 1
github.com/wiebe-xyz/funnelbarn/internal/repository/db.go:27.16,29.3 1 0
github.com/wiebe-xyz/funnelbarn/internal/repository/db.go:31.2,41.16 3 1
github.com/wiebe-xyz/funnelbarn/internal/repository/db.go:41.16,43.3 1 0
github.com/wiebe-xyz/funnelbarn/internal/repository/db.go:46.2,51.52 5 1
github.com/wiebe-xyz/funnelbarn/internal/repository/db.go:51.52,54.3 2 0
github.com/wiebe-xyz/funnelbarn/internal/repository/db.go:55.2,55.51 1 1
github.com/wiebe-xyz/funnelbarn/internal/repository/db.go:55.51,58.3 2 0
github.com/wiebe-xyz/funnelbarn/internal/repository/db.go:62.2,62.42 1 1
github.com/wiebe-xyz/funnelbarn/internal/repository/db.go:62.42,65.3 2 0
github.com/wiebe-xyz/funnelbarn/internal/repository/db.go:67.2,67.48 1 1
github.com/wiebe-xyz/funnelbarn/internal/repository/db.go:72.38,77.27 3 1
github.com/wiebe-xyz/funnelbarn/internal/repository/db.go:77.27,79.17 2 1
github.com/wiebe-xyz/funnelbarn/internal/repository/db.go:79.17,81.4 1 0
github.com/wiebe-xyz/funnelbarn/internal/repository/db.go:82.3,83.19 2 1
github.com/wiebe-xyz/funnelbarn/internal/repository/db.go:83.19,89.77 6 1
github.com/wiebe-xyz/funnelbarn/internal/repository/db.go:89.77,92.5 2 0
github.com/wiebe-xyz/funnelbarn/internal/repository/db.go:93.4,93.24 1 1
github.com/wiebe-xyz/funnelbarn/internal/repository/db.go:93.24,95.10 2 1
github.com/wiebe-xyz/funnelbarn/internal/repository/db.go:98.3,99.13 2 1
github.com/wiebe-xyz/funnelbarn/internal/repository/db.go:99.13,100.105 1 0
github.com/wiebe-xyz/funnelbarn/internal/repository/db.go:100.105,102.5 1 0
github.com/wiebe-xyz/funnelbarn/internal/repository/db.go:105.2,105.12 1 1
github.com/wiebe-xyz/funnelbarn/internal/repository/db.go:109.31,110.29 1 1
github.com/wiebe-xyz/funnelbarn/internal/repository/db.go:110.29,112.3 1 0
github.com/wiebe-xyz/funnelbarn/internal/repository/db.go:113.2,113.21 1 1
github.com/wiebe-xyz/funnelbarn/internal/repository/db.go:117.30,119.2 1 1
github.com/wiebe-xyz/funnelbarn/internal/repository/db.go:122.49,124.2 1 0
github.com/wiebe-xyz/funnelbarn/internal/repository/distributions.go:18.117,29.34 3 1
github.com/wiebe-xyz/funnelbarn/internal/repository/distributions.go:29.34,31.17 2 1
github.com/wiebe-xyz/funnelbarn/internal/repository/distributions.go:31.17,32.12 1 0
github.com/wiebe-xyz/funnelbarn/internal/repository/distributions.go:34.3,34.26 1 1
github.com/wiebe-xyz/funnelbarn/internal/repository/distributions.go:38.2,38.48 1 1
github.com/wiebe-xyz/funnelbarn/internal/repository/distributions.go:38.48,40.17 2 1
github.com/wiebe-xyz/funnelbarn/internal/repository/distributions.go:40.17,41.12 1 0
github.com/wiebe-xyz/funnelbarn/internal/repository/distributions.go:43.3,43.24 1 1
github.com/wiebe-xyz/funnelbarn/internal/repository/distributions.go:46.2,46.20 1 1
github.com/wiebe-xyz/funnelbarn/internal/repository/distributions.go:49.125,52.24 2 1
github.com/wiebe-xyz/funnelbarn/internal/repository/distributions.go:52.24,54.3 1 1
github.com/wiebe-xyz/funnelbarn/internal/repository/distributions.go:54.8,56.3 1 1
github.com/wiebe-xyz/funnelbarn/internal/repository/distributions.go:58.2,82.16 3 1
github.com/wiebe-xyz/funnelbarn/internal/repository/distributions.go:82.16,84.3 1 0
github.com/wiebe-xyz/funnelbarn/internal/repository/distributions.go:85.2,88.18 3 1
github.com/wiebe-xyz/funnelbarn/internal/repository/distributions.go:88.18,90.63 2 1
github.com/wiebe-xyz/funnelbarn/internal/repository/distributions.go:90.63,92.4 1 0
github.com/wiebe-xyz/funnelbarn/internal/repository/distributions.go:93.3,93.31 1 1
github.com/wiebe-xyz/funnelbarn/internal/repository/distributions.go:95.2,95.28 1 1
github.com/wiebe-xyz/funnelbarn/internal/repository/events.go:45.65,68.2 3 1
github.com/wiebe-xyz/funnelbarn/internal/repository/events.go:71.103,72.16 1 1
github.com/wiebe-xyz/funnelbarn/internal/repository/events.go:72.16,74.3 1 0
github.com/wiebe-xyz/funnelbarn/internal/repository/events.go:75.2,86.16 3 1
github.com/wiebe-xyz/funnelbarn/internal/repository/events.go:86.16,88.3 1 0
github.com/wiebe-xyz/funnelbarn/internal/repository/events.go:89.2,90.25 2 1
github.com/wiebe-xyz/funnelbarn/internal/repository/events.go:94.115,99.2 4 1
github.com/wiebe-xyz/funnelbarn/internal/repository/events.go:102.128,103.16 1 1
github.com/wiebe-xyz/funnelbarn/internal/repository/events.go:103.16,105.3 1 0
github.com/wiebe-xyz/funnelbarn/internal/repository/events.go:106.2,114.16 3 1
github.com/wiebe-xyz/funnelbarn/internal/repository/events.go:114.16,116.3 1 0
github.com/wiebe-xyz/funnelbarn/internal/repository/events.go:117.2,120.18 3 1
github.com/wiebe-xyz/funnelbarn/internal/repository/events.go:120.18,122.55 2 1
github.com/wiebe-xyz/funnelbarn/internal/repository/events.go:122.55,124.4 1 0
github.com/wiebe-xyz/funnelbarn/internal/repository/events.go:125.3,125.28 1 1
github.com/wiebe-xyz/funnelbarn/internal/repository/events.go:127.2,127.26 1 1
github.com/wiebe-xyz/funnelbarn/internal/repository/events.go:137.136,138.16 1 1
github.com/wiebe-xyz/funnelbarn/internal/repository/events.go:138.16,140.3 1 0
github.com/wiebe-xyz/funnelbarn/internal/repository/events.go:141.2,149.16 3 1
github.com/wiebe-xyz/funnelbarn/internal/repository/events.go:149.16,151.3 1 0
github.com/wiebe-xyz/funnelbarn/internal/repository/events.go:152.2,155.18 3 1
github.com/wiebe-xyz/funnelbarn/internal/repository/events.go:155.18,157.59 2 1
github.com/wiebe-xyz/funnelbarn/internal/repository/events.go:157.59,159.4 1 0
github.com/wiebe-xyz/funnelbarn/internal/repository/events.go:160.3,160.28 1 1
github.com/wiebe-xyz/funnelbarn/internal/repository/events.go:162.2,162.26 1 1
github.com/wiebe-xyz/funnelbarn/internal/repository/events.go:172.131,180.16 3 0
github.com/wiebe-xyz/funnelbarn/internal/repository/events.go:180.16,182.3 1 0
github.com/wiebe-xyz/funnelbarn/internal/repository/events.go:183.2,186.18 3 0
github.com/wiebe-xyz/funnelbarn/internal/repository/events.go:186.18,188.54 2 0
github.com/wiebe-xyz/funnelbarn/internal/repository/events.go:188.54,190.4 1 0
github.com/wiebe-xyz/funnelbarn/internal/repository/events.go:191.3,191.29 1 0
github.com/wiebe-xyz/funnelbarn/internal/repository/events.go:193.2,193.27 1 0
github.com/wiebe-xyz/funnelbarn/internal/repository/events.go:204.133,205.16 1 1
github.com/wiebe-xyz/funnelbarn/internal/repository/events.go:205.16,207.3 1 0
github.com/wiebe-xyz/funnelbarn/internal/repository/events.go:208.2,216.16 3 1
github.com/wiebe-xyz/funnelbarn/internal/repository/events.go:216.16,218.3 1 0
github.com/wiebe-xyz/funnelbarn/internal/repository/events.go:219.2,222.18 3 1
github.com/wiebe-xyz/funnelbarn/internal/repository/events.go:222.18,224.57 2 1
github.com/wiebe-xyz/funnelbarn/internal/repository/events.go:224.57,226.4 1 0
github.com/wiebe-xyz/funnelbarn/internal/repository/events.go:227.3,227.28 1 1
github.com/wiebe-xyz/funnelbarn/internal/repository/events.go:229.2,229.26 1 1
github.com/wiebe-xyz/funnelbarn/internal/repository/events.go:233.132,235.2 1 1
github.com/wiebe-xyz/funnelbarn/internal/repository/events.go:244.122,252.2 4 1
github.com/wiebe-xyz/funnelbarn/internal/repository/events.go:255.115,260.2 4 1
github.com/wiebe-xyz/funnelbarn/internal/repository/events.go:263.90,272.16 3 1
github.com/wiebe-xyz/funnelbarn/internal/repository/events.go:272.16,274.3 1 0
github.com/wiebe-xyz/funnelbarn/internal/repository/events.go:275.2,277.36 3 1
github.com/wiebe-xyz/funnelbarn/internal/repository/events.go:277.36,279.3 1 1
github.com/wiebe-xyz/funnelbarn/internal/repository/events.go:280.2,280.24 1 1
github.com/wiebe-xyz/funnelbarn/internal/repository/events.go:284.134,285.16 1 1
github.com/wiebe-xyz/funnelbarn/internal/repository/events.go:285.16,287.3 1 0
github.com/wiebe-xyz/funnelbarn/internal/repository/events.go:288.2,296.16 3 1
github.com/wiebe-xyz/funnelbarn/internal/repository/events.go:296.16,298.3 1 0
github.com/wiebe-xyz/funnelbarn/internal/repository/events.go:299.2,302.18 3 1
github.com/wiebe-xyz/funnelbarn/internal/repository/events.go:302.18,304.59 2 1
github.com/wiebe-xyz/funnelbarn/internal/repository/events.go:304.59,306.4 1 0
github.com/wiebe-xyz/funnelbarn/internal/repository/events.go:307.3,307.28 1 1
github.com/wiebe-xyz/funnelbarn/internal/repository/events.go:309.2,309.26 1 1
github.com/wiebe-xyz/funnelbarn/internal/repository/events.go:319.125,327.16 3 1
github.com/wiebe-xyz/funnelbarn/internal/repository/events.go:327.16,329.3 1 0
github.com/wiebe-xyz/funnelbarn/internal/repository/events.go:330.2,333.18 3 1
github.com/wiebe-xyz/funnelbarn/internal/repository/events.go:333.18,335.62 2 1
github.com/wiebe-xyz/funnelbarn/internal/repository/events.go:335.62,337.4 1 0
github.com/wiebe-xyz/funnelbarn/internal/repository/events.go:338.3,338.28 1 1
github.com/wiebe-xyz/funnelbarn/internal/repository/events.go:340.2,340.26 1 1
github.com/wiebe-xyz/funnelbarn/internal/repository/events.go:350.138,351.16 1 1
github.com/wiebe-xyz/funnelbarn/internal/repository/events.go:351.16,353.3 1 0
github.com/wiebe-xyz/funnelbarn/internal/repository/events.go:354.2,362.16 3 1
github.com/wiebe-xyz/funnelbarn/internal/repository/events.go:362.16,364.3 1 0
github.com/wiebe-xyz/funnelbarn/internal/repository/events.go:365.2,368.18 3 1
github.com/wiebe-xyz/funnelbarn/internal/repository/events.go:368.18,370.56 2 1
github.com/wiebe-xyz/funnelbarn/internal/repository/events.go:370.56,372.4 1 0
github.com/wiebe-xyz/funnelbarn/internal/repository/events.go:373.3,373.28 1 1
github.com/wiebe-xyz/funnelbarn/internal/repository/events.go:375.2,375.26 1 1
github.com/wiebe-xyz/funnelbarn/internal/repository/events.go:385.135,386.16 1 1
github.com/wiebe-xyz/funnelbarn/internal/repository/events.go:386.16,388.3 1 0
github.com/wiebe-xyz/funnelbarn/internal/repository/events.go:389.2,397.16 3 1
github.com/wiebe-xyz/funnelbarn/internal/repository/events.go:397.16,399.3 1 0
github.com/wiebe-xyz/funnelbarn/internal/repository/events.go:400.2,403.18 3 1
github.com/wiebe-xyz/funnelbarn/internal/repository/events.go:403.18,405.63 2 1
github.com/wiebe-xyz/funnelbarn/internal/repository/events.go:405.63,407.4 1 0
github.com/wiebe-xyz/funnelbarn/internal/repository/events.go:408.3,408.28 1 1
github.com/wiebe-xyz/funnelbarn/internal/repository/events.go:410.2,410.26 1 1
github.com/wiebe-xyz/funnelbarn/internal/repository/events.go:420.130,421.16 1 1
github.com/wiebe-xyz/funnelbarn/internal/repository/events.go:421.16,423.3 1 0
github.com/wiebe-xyz/funnelbarn/internal/repository/events.go:424.2,432.16 3 1
github.com/wiebe-xyz/funnelbarn/internal/repository/events.go:432.16,434.3 1 0
github.com/wiebe-xyz/funnelbarn/internal/repository/events.go:435.2,438.18 3 1
github.com/wiebe-xyz/funnelbarn/internal/repository/events.go:438.18,440.54 2 1
github.com/wiebe-xyz/funnelbarn/internal/repository/events.go:440.54,442.4 1 0
github.com/wiebe-xyz/funnelbarn/internal/repository/events.go:443.3,443.28 1 1
github.com/wiebe-xyz/funnelbarn/internal/repository/events.go:445.2,445.26 1 1
github.com/wiebe-xyz/funnelbarn/internal/repository/events.go:455.134,457.2 1 1
github.com/wiebe-xyz/funnelbarn/internal/repository/events.go:460.132,462.2 1 1
github.com/wiebe-xyz/funnelbarn/internal/repository/events.go:465.132,473.16 3 1
github.com/wiebe-xyz/funnelbarn/internal/repository/events.go:473.16,475.3 1 0
github.com/wiebe-xyz/funnelbarn/internal/repository/events.go:476.2,479.18 3 1
github.com/wiebe-xyz/funnelbarn/internal/repository/events.go:479.18,481.54 2 0
github.com/wiebe-xyz/funnelbarn/internal/repository/events.go:481.54,483.4 1 0
github.com/wiebe-xyz/funnelbarn/internal/repository/events.go:484.3,484.29 1 0
github.com/wiebe-xyz/funnelbarn/internal/repository/events.go:486.2,486.27 1 1
github.com/wiebe-xyz/funnelbarn/internal/repository/events.go:490.133,498.16 3 0
github.com/wiebe-xyz/funnelbarn/internal/repository/events.go:498.16,500.3 1 0
github.com/wiebe-xyz/funnelbarn/internal/repository/events.go:501.2,504.18 3 0
github.com/wiebe-xyz/funnelbarn/internal/repository/events.go:504.18,506.54 2 0
github.com/wiebe-xyz/funnelbarn/internal/repository/events.go:506.54,508.4 1 0
github.com/wiebe-xyz/funnelbarn/internal/repository/events.go:509.3,509.29 1 0
github.com/wiebe-xyz/funnelbarn/internal/repository/events.go:511.2,511.27 1 0
github.com/wiebe-xyz/funnelbarn/internal/repository/events.go:515.116,529.16 4 1
github.com/wiebe-xyz/funnelbarn/internal/repository/events.go:529.16,531.3 1 0
github.com/wiebe-xyz/funnelbarn/internal/repository/events.go:532.2,532.17 1 1
github.com/wiebe-xyz/funnelbarn/internal/repository/events.go:532.17,534.3 1 0
github.com/wiebe-xyz/funnelbarn/internal/repository/events.go:535.2,535.26 1 1
github.com/wiebe-xyz/funnelbarn/internal/repository/events.go:539.125,550.16 4 1
github.com/wiebe-xyz/funnelbarn/internal/repository/events.go:550.16,552.3 1 0
github.com/wiebe-xyz/funnelbarn/internal/repository/events.go:553.2,553.16 1 1
github.com/wiebe-xyz/funnelbarn/internal/repository/events.go:553.16,555.3 1 0
github.com/wiebe-xyz/funnelbarn/internal/repository/events.go:556.2,556.25 1 1
github.com/wiebe-xyz/funnelbarn/internal/repository/events.go:560.135,568.16 3 1
github.com/wiebe-xyz/funnelbarn/internal/repository/events.go:568.16,570.3 1 0
github.com/wiebe-xyz/funnelbarn/internal/repository/events.go:571.2,574.18 3 1
github.com/wiebe-xyz/funnelbarn/internal/repository/events.go:574.18,576.54 2 0
github.com/wiebe-xyz/funnelbarn/internal/repository/events.go:576.54,578.4 1 0
github.com/wiebe-xyz/funnelbarn/internal/repository/events.go:579.3,579.29 1 0
github.com/wiebe-xyz/funnelbarn/internal/repository/events.go:581.2,581.27 1 1
github.com/wiebe-xyz/funnelbarn/internal/repository/events.go:585.93,588.16 3 1
github.com/wiebe-xyz/funnelbarn/internal/repository/events.go:588.16,590.3 1 0
github.com/wiebe-xyz/funnelbarn/internal/repository/events.go:591.2,594.18 3 1
github.com/wiebe-xyz/funnelbarn/internal/repository/events.go:594.18,596.42 2 1
github.com/wiebe-xyz/funnelbarn/internal/repository/events.go:596.42,598.4 1 0
github.com/wiebe-xyz/funnelbarn/internal/repository/events.go:599.3,599.30 1 1
github.com/wiebe-xyz/funnelbarn/internal/repository/events.go:601.2,601.26 1 1
github.com/wiebe-xyz/funnelbarn/internal/repository/events.go:606.109,613.16 3 1
github.com/wiebe-xyz/funnelbarn/internal/repository/events.go:613.16,615.3 1 0
github.com/wiebe-xyz/funnelbarn/internal/repository/events.go:616.2,619.18 3 1
github.com/wiebe-xyz/funnelbarn/internal/repository/events.go:619.18,621.39 2 1
github.com/wiebe-xyz/funnelbarn/internal/repository/events.go:621.39,623.4 1 0
github.com/wiebe-xyz/funnelbarn/internal/repository/events.go:624.3,624.25 1 1
github.com/wiebe-xyz/funnelbarn/internal/repository/events.go:626.2,626.25 1 1
github.com/wiebe-xyz/funnelbarn/internal/repository/events.go:631.129,632.16 1 1
github.com/wiebe-xyz/funnelbarn/internal/repository/events.go:632.16,634.3 1 0
github.com/wiebe-xyz/funnelbarn/internal/repository/events.go:635.2,644.16 3 1
github.com/wiebe-xyz/funnelbarn/internal/repository/events.go:644.16,646.3 1 0
github.com/wiebe-xyz/funnelbarn/internal/repository/events.go:647.2,650.18 3 1
github.com/wiebe-xyz/funnelbarn/internal/repository/events.go:650.18,652.39 2 1
github.com/wiebe-xyz/funnelbarn/internal/repository/events.go:652.39,654.4 1 0
github.com/wiebe-xyz/funnelbarn/internal/repository/events.go:655.3,655.25 1 1
github.com/wiebe-xyz/funnelbarn/internal/repository/events.go:657.2,657.25 1 1
github.com/wiebe-xyz/funnelbarn/internal/repository/events.go:662.110,664.38 2 0
github.com/wiebe-xyz/funnelbarn/internal/repository/events.go:664.38,665.12 1 0
github.com/wiebe-xyz/funnelbarn/internal/repository/events.go:665.12,667.4 1 0
github.com/wiebe-xyz/funnelbarn/internal/repository/events.go:668.3,668.93 1 0
github.com/wiebe-xyz/funnelbarn/internal/repository/events.go:670.2,675.23 5 0
github.com/wiebe-xyz/funnelbarn/internal/repository/events.go:675.23,677.3 1 0
github.com/wiebe-xyz/funnelbarn/internal/repository/events.go:678.2,678.42 1 0
github.com/wiebe-xyz/funnelbarn/internal/repository/events.go:678.42,679.27 1 0
github.com/wiebe-xyz/funnelbarn/internal/repository/events.go:679.27,681.4 1 0
github.com/wiebe-xyz/funnelbarn/internal/repository/events.go:682.3,682.18 1 0
github.com/wiebe-xyz/funnelbarn/internal/repository/events.go:685.2,686.26 2 0
github.com/wiebe-xyz/funnelbarn/internal/repository/events.go:686.26,687.13 1 0
github.com/wiebe-xyz/funnelbarn/internal/repository/events.go:687.13,689.4 1 0
github.com/wiebe-xyz/funnelbarn/internal/repository/events.go:691.2,691.23 1 0
github.com/wiebe-xyz/funnelbarn/internal/repository/events.go:695.123,697.2 1 0
github.com/wiebe-xyz/funnelbarn/internal/repository/events.go:700.95,703.16 3 1
github.com/wiebe-xyz/funnelbarn/internal/repository/events.go:703.16,705.3 1 0
github.com/wiebe-xyz/funnelbarn/internal/repository/events.go:706.2,709.18 3 1
github.com/wiebe-xyz/funnelbarn/internal/repository/events.go:709.18,711.39 2 1
github.com/wiebe-xyz/funnelbarn/internal/repository/events.go:711.39,713.4 1 0
github.com/wiebe-xyz/funnelbarn/internal/repository/events.go:714.3,714.25 1 1
github.com/wiebe-xyz/funnelbarn/internal/repository/events.go:716.2,716.25 1 1
github.com/wiebe-xyz/funnelbarn/internal/repository/events.go:719.50,721.18 2 1
github.com/wiebe-xyz/funnelbarn/internal/repository/events.go:721.18,729.17 2 1
github.com/wiebe-xyz/funnelbarn/internal/repository/events.go:729.17,731.4 1 0
github.com/wiebe-xyz/funnelbarn/internal/repository/events.go:732.3,732.29 1 1
github.com/wiebe-xyz/funnelbarn/internal/repository/events.go:734.2,734.27 1 1
github.com/wiebe-xyz/funnelbarn/internal/repository/events.go:738.86,740.16 2 1
github.com/wiebe-xyz/funnelbarn/internal/repository/events.go:740.16,742.3 1 0
github.com/wiebe-xyz/funnelbarn/internal/repository/events.go:743.2,743.30 1 1
github.com/wiebe-xyz/funnelbarn/internal/repository/events.go:748.127,749.16 1 1
github.com/wiebe-xyz/funnelbarn/internal/repository/events.go:749.16,751.3 1 0
github.com/wiebe-xyz/funnelbarn/internal/repository/events.go:752.2,758.16 3 1
github.com/wiebe-xyz/funnelbarn/internal/repository/events.go:758.16,760.3 1 0
github.com/wiebe-xyz/funnelbarn/internal/repository/events.go:761.2,763.18 3 1
github.com/wiebe-xyz/funnelbarn/internal/repository/events.go:763.18,765.40 2 1
github.com/wiebe-xyz/funnelbarn/internal/repository/events.go:765.40,767.4 1 0
github.com/wiebe-xyz/funnelbarn/internal/repository/events.go:768.3,768.24 1 1
github.com/wiebe-xyz/funnelbarn/internal/repository/events.go:770.2,770.24 1 1
github.com/wiebe-xyz/funnelbarn/internal/repository/flags.go:53.85,56.16 3 1
github.com/wiebe-xyz/funnelbarn/internal/repository/flags.go:56.16,58.3 1 0
github.com/wiebe-xyz/funnelbarn/internal/repository/flags.go:59.2,59.28 1 1
github.com/wiebe-xyz/funnelbarn/internal/repository/flags.go:59.28,61.3 1 1
github.com/wiebe-xyz/funnelbarn/internal/repository/flags.go:62.2,66.16 2 1
github.com/wiebe-xyz/funnelbarn/internal/repository/flags.go:66.16,68.3 1 0
github.com/wiebe-xyz/funnelbarn/internal/repository/flags.go:69.2,69.30 1 1
github.com/wiebe-xyz/funnelbarn/internal/repository/flags.go:72.79,79.16 3 1
github.com/wiebe-xyz/funnelbarn/internal/repository/flags.go:79.16,81.3 1 0
github.com/wiebe-xyz/funnelbarn/internal/repository/flags.go:82.2,82.15 1 1
github.com/wiebe-xyz/funnelbarn/internal/repository/flags.go:85.96,92.16 3 0
github.com/wiebe-xyz/funnelbarn/internal/repository/flags.go:92.16,94.3 1 0
github.com/wiebe-xyz/funnelbarn/internal/repository/flags.go:95.2,95.15 1 0
github.com/wiebe-xyz/funnelbarn/internal/repository/flags.go:98.89,101.16 3 0
github.com/wiebe-xyz/funnelbarn/internal/repository/flags.go:101.16,103.3 1 0
github.com/wiebe-xyz/funnelbarn/internal/repository/flags.go:104.2,107.18 3 0
github.com/wiebe-xyz/funnelbarn/internal/repository/flags.go:107.18,113.17 2 0
github.com/wiebe-xyz/funnelbarn/internal/repository/flags.go:113.17,115.4 1 0
github.com/wiebe-xyz/funnelbarn/internal/repository/flags.go:116.3,116.27 1 0
github.com/wiebe-xyz/funnelbarn/internal/repository/flags.go:118.2,118.26 1 0
github.com/wiebe-xyz/funnelbarn/internal/repository/flags.go:121.85,122.28 1 0
github.com/wiebe-xyz/funnelbarn/internal/repository/flags.go:122.28,124.3 1 0
github.com/wiebe-xyz/funnelbarn/internal/repository/flags.go:125.2,129.16 2 0
github.com/wiebe-xyz/funnelbarn/internal/repository/flags.go:129.16,131.3 1 0
github.com/wiebe-xyz/funnelbarn/internal/repository/flags.go:132.2,132.30 1 0
github.com/wiebe-xyz/funnelbarn/internal/repository/flags.go:135.66,138.2 2 0
github.com/wiebe-xyz/funnelbarn/internal/repository/flags.go:140.82,143.16 3 1
github.com/wiebe-xyz/funnelbarn/internal/repository/flags.go:143.16,145.3 1 0
github.com/wiebe-xyz/funnelbarn/internal/repository/flags.go:146.2,147.31 2 1
github.com/wiebe-xyz/funnelbarn/internal/repository/flags.go:147.31,148.61 1 0
github.com/wiebe-xyz/funnelbarn/internal/repository/flags.go:148.61,150.4 1 0
github.com/wiebe-xyz/funnelbarn/internal/repository/flags.go:152.2,154.12 3 1
github.com/wiebe-xyz/funnelbarn/internal/repository/flags.go:159.114,178.16 3 0
github.com/wiebe-xyz/funnelbarn/internal/repository/flags.go:178.16,180.3 1 0
github.com/wiebe-xyz/funnelbarn/internal/repository/flags.go:181.2,183.18 3 0
github.com/wiebe-xyz/funnelbarn/internal/repository/flags.go:183.18,185.72 2 0
github.com/wiebe-xyz/funnelbarn/internal/repository/flags.go:185.72,187.4 1 0
github.com/wiebe-xyz/funnelbarn/internal/repository/flags.go:188.3,188.23 1 0
github.com/wiebe-xyz/funnelbarn/internal/repository/flags.go:190.2,190.24 1 0
github.com/wiebe-xyz/funnelbarn/internal/repository/flags.go:193.125,196.16 3 0
github.com/wiebe-xyz/funnelbarn/internal/repository/flags.go:196.16,198.3 1 0
github.com/wiebe-xyz/funnelbarn/internal/repository/flags.go:199.2,202.18 3 0
github.com/wiebe-xyz/funnelbarn/internal/repository/flags.go:202.18,205.53 3 0
github.com/wiebe-xyz/funnelbarn/internal/repository/flags.go:205.53,207.4 1 0
github.com/wiebe-xyz/funnelbarn/internal/repository/flags.go:208.3,208.26 1 0
github.com/wiebe-xyz/funnelbarn/internal/repository/flags.go:210.2,210.27 1 0
github.com/wiebe-xyz/funnelbarn/internal/repository/flags.go:213.91,215.16 2 1
github.com/wiebe-xyz/funnelbarn/internal/repository/flags.go:215.16,217.3 1 0
github.com/wiebe-xyz/funnelbarn/internal/repository/flags.go:218.2,218.30 1 1
github.com/wiebe-xyz/funnelbarn/internal/repository/flags.go:221.153,230.16 3 0
github.com/wiebe-xyz/funnelbarn/internal/repository/flags.go:230.16,232.3 1 0
github.com/wiebe-xyz/funnelbarn/internal/repository/flags.go:233.2,236.18 3 0
github.com/wiebe-xyz/funnelbarn/internal/repository/flags.go:236.18,239.53 3 0
github.com/wiebe-xyz/funnelbarn/internal/repository/flags.go:239.53,241.4 1 0
github.com/wiebe-xyz/funnelbarn/internal/repository/flags.go:242.3,242.26 1 0
github.com/wiebe-xyz/funnelbarn/internal/repository/flags.go:244.2,244.27 1 0
github.com/wiebe-xyz/funnelbarn/internal/repository/flows.go:40.139,48.30 3 0
github.com/wiebe-xyz/funnelbarn/internal/repository/flows.go:48.30,50.3 1 0
github.com/wiebe-xyz/funnelbarn/internal/repository/flows.go:52.2,52.16 1 0
github.com/wiebe-xyz/funnelbarn/internal/repository/flows.go:52.16,54.17 2 0
github.com/wiebe-xyz/funnelbarn/internal/repository/flows.go:54.17,57.4 2 0
github.com/wiebe-xyz/funnelbarn/internal/repository/flows.go:58.3,58.20 1 0
github.com/wiebe-xyz/funnelbarn/internal/repository/flows.go:58.20,60.4 1 0
github.com/wiebe-xyz/funnelbarn/internal/repository/flows.go:61.3,62.62 2 0
github.com/wiebe-xyz/funnelbarn/internal/repository/flows.go:65.2,66.16 2 0
github.com/wiebe-xyz/funnelbarn/internal/repository/flows.go:66.16,69.3 2 0
github.com/wiebe-xyz/funnelbarn/internal/repository/flows.go:70.2,70.24 1 0
github.com/wiebe-xyz/funnelbarn/internal/repository/flows.go:70.24,72.3 1 0
github.com/wiebe-xyz/funnelbarn/internal/repository/flows.go:74.2,75.16 2 0
github.com/wiebe-xyz/funnelbarn/internal/repository/flows.go:75.16,78.3 2 0
github.com/wiebe-xyz/funnelbarn/internal/repository/flows.go:80.2,81.16 2 0
github.com/wiebe-xyz/funnelbarn/internal/repository/flows.go:81.16,84.3 2 0
github.com/wiebe-xyz/funnelbarn/internal/repository/flows.go:86.2,87.16 2 0
github.com/wiebe-xyz/funnelbarn/internal/repository/flows.go:87.16,90.3 2 0
github.com/wiebe-xyz/funnelbarn/internal/repository/flows.go:92.2,93.90 2 0
github.com/wiebe-xyz/funnelbarn/internal/repository/flows.go:109.127,123.16 6 0
github.com/wiebe-xyz/funnelbarn/internal/repository/flows.go:123.16,125.3 1 0
github.com/wiebe-xyz/funnelbarn/internal/repository/flows.go:126.2,126.15 1 0
github.com/wiebe-xyz/funnelbarn/internal/repository/flows.go:129.147,166.16 5 0
github.com/wiebe-xyz/funnelbarn/internal/repository/flows.go:166.16,169.3 2 0
github.com/wiebe-xyz/funnelbarn/internal/repository/flows.go:170.2,173.18 3 0
github.com/wiebe-xyz/funnelbarn/internal/repository/flows.go:173.18,175.108 2 0
github.com/wiebe-xyz/funnelbarn/internal/repository/flows.go:175.108,178.4 2 0
github.com/wiebe-xyz/funnelbarn/internal/repository/flows.go:179.3,179.23 1 0
github.com/wiebe-xyz/funnelbarn/internal/repository/flows.go:181.2,181.35 1 0
github.com/wiebe-xyz/funnelbarn/internal/repository/flows.go:181.35,184.3 2 0
github.com/wiebe-xyz/funnelbarn/internal/repository/flows.go:185.2,186.17 2 0
github.com/wiebe-xyz/funnelbarn/internal/repository/flows.go:189.123,217.16 6 0
github.com/wiebe-xyz/funnelbarn/internal/repository/flows.go:217.16,219.3 1 0
github.com/wiebe-xyz/funnelbarn/internal/repository/flows.go:220.2,220.15 1 0
github.com/wiebe-xyz/funnelbarn/internal/repository/flows.go:223.142,256.16 5 0
github.com/wiebe-xyz/funnelbarn/internal/repository/flows.go:256.16,259.3 2 0
github.com/wiebe-xyz/funnelbarn/internal/repository/flows.go:260.2,263.18 3 0
github.com/wiebe-xyz/funnelbarn/internal/repository/flows.go:263.18,265.59 2 0
github.com/wiebe-xyz/funnelbarn/internal/repository/flows.go:265.59,268.4 2 0
github.com/wiebe-xyz/funnelbarn/internal/repository/flows.go:269.3,269.23 1 0
github.com/wiebe-xyz/funnelbarn/internal/repository/flows.go:271.2,271.35 1 0
github.com/wiebe-xyz/funnelbarn/internal/repository/flows.go:271.35,274.3 2 0
github.com/wiebe-xyz/funnelbarn/internal/repository/flows.go:275.2,275.17 1 0
github.com/wiebe-xyz/funnelbarn/internal/repository/flows.go:278.47,280.2 1 0
github.com/wiebe-xyz/funnelbarn/internal/repository/flows.go:282.47,284.2 1 0
github.com/wiebe-xyz/funnelbarn/internal/repository/flows.go:286.148,289.72 2 0
github.com/wiebe-xyz/funnelbarn/internal/repository/flows.go:289.72,290.38 1 0
github.com/wiebe-xyz/funnelbarn/internal/repository/flows.go:290.38,291.36 1 0
github.com/wiebe-xyz/funnelbarn/internal/repository/flows.go:291.36,294.5 2 0
github.com/wiebe-xyz/funnelbarn/internal/repository/flows.go:295.9,297.4 1 0
github.com/wiebe-xyz/funnelbarn/internal/repository/flows.go:300.2,304.32 3 0
github.com/wiebe-xyz/funnelbarn/internal/repository/flows.go:304.32,310.3 5 0
github.com/wiebe-xyz/funnelbarn/internal/repository/flows.go:312.2,312.35 1 0
github.com/wiebe-xyz/funnelbarn/internal/repository/flows.go:312.35,316.3 3 0
github.com/wiebe-xyz/funnelbarn/internal/repository/flows.go:318.2,318.19 1 0
github.com/wiebe-xyz/funnelbarn/internal/repository/flows.go:318.19,322.3 3 0
github.com/wiebe-xyz/funnelbarn/internal/repository/flows.go:324.2,325.28 2 0
github.com/wiebe-xyz/funnelbarn/internal/repository/flows.go:325.28,327.3 1 0
github.com/wiebe-xyz/funnelbarn/internal/repository/flows.go:329.2,329.18 1 0
github.com/wiebe-xyz/funnelbarn/internal/repository/flows.go:329.18,331.3 1 0
github.com/wiebe-xyz/funnelbarn/internal/repository/flows.go:333.2,338.3 1 0
github.com/wiebe-xyz/funnelbarn/internal/repository/funnels.go:51.77,54.16 3 1
github.com/wiebe-xyz/funnelbarn/internal/repository/funnels.go:54.16,56.3 1 0
github.com/wiebe-xyz/funnelbarn/internal/repository/funnels.go:57.2,58.16 2 1
github.com/wiebe-xyz/funnelbarn/internal/repository/funnels.go:58.16,60.3 1 0
github.com/wiebe-xyz/funnelbarn/internal/repository/funnels.go:61.2,63.19 2 1
github.com/wiebe-xyz/funnelbarn/internal/repository/funnels.go:63.19,65.3 1 1
github.com/wiebe-xyz/funnelbarn/internal/repository/funnels.go:66.2,67.111 2 1
github.com/wiebe-xyz/funnelbarn/internal/repository/funnels.go:67.111,69.3 1 0
github.com/wiebe-xyz/funnelbarn/internal/repository/funnels.go:71.2,71.31 1 1
github.com/wiebe-xyz/funnelbarn/internal/repository/funnels.go:71.31,72.46 1 1
github.com/wiebe-xyz/funnelbarn/internal/repository/funnels.go:72.46,74.4 1 0
github.com/wiebe-xyz/funnelbarn/internal/repository/funnels.go:77.2,78.25 2 1
github.com/wiebe-xyz/funnelbarn/internal/repository/funnels.go:78.25,80.17 2 1
github.com/wiebe-xyz/funnelbarn/internal/repository/funnels.go:80.17,82.4 1 0
github.com/wiebe-xyz/funnelbarn/internal/repository/funnels.go:83.3,87.138 4 1
github.com/wiebe-xyz/funnelbarn/internal/repository/funnels.go:87.138,89.4 1 0
github.com/wiebe-xyz/funnelbarn/internal/repository/funnels.go:92.2,92.36 1 1
github.com/wiebe-xyz/funnelbarn/internal/repository/funnels.go:92.36,94.3 1 0
github.com/wiebe-xyz/funnelbarn/internal/repository/funnels.go:96.2,96.32 1 1
github.com/wiebe-xyz/funnelbarn/internal/repository/funnels.go:100.76,103.133 3 1
github.com/wiebe-xyz/funnelbarn/internal/repository/funnels.go:103.133,105.3 1 1
github.com/wiebe-xyz/funnelbarn/internal/repository/funnels.go:107.2,108.16 2 1
github.com/wiebe-xyz/funnelbarn/internal/repository/funnels.go:108.16,110.3 1 0
github.com/wiebe-xyz/funnelbarn/internal/repository/funnels.go:111.2,112.15 2 1
github.com/wiebe-xyz/funnelbarn/internal/repository/funnels.go:116.86,119.16 3 1
github.com/wiebe-xyz/funnelbarn/internal/repository/funnels.go:119.16,121.3 1 0
github.com/wiebe-xyz/funnelbarn/internal/repository/funnels.go:122.2,125.18 3 1
github.com/wiebe-xyz/funnelbarn/internal/repository/funnels.go:125.18,127.105 2 1
github.com/wiebe-xyz/funnelbarn/internal/repository/funnels.go:127.105,129.4 1 0
github.com/wiebe-xyz/funnelbarn/internal/repository/funnels.go:130.3,130.31 1 1
github.com/wiebe-xyz/funnelbarn/internal/repository/funnels.go:132.2,132.35 1 1
github.com/wiebe-xyz/funnelbarn/internal/repository/funnels.go:132.35,134.3 1 0
github.com/wiebe-xyz/funnelbarn/internal/repository/funnels.go:136.2,136.25 1 1
github.com/wiebe-xyz/funnelbarn/internal/repository/funnels.go:136.25,138.17 2 1
github.com/wiebe-xyz/funnelbarn/internal/repository/funnels.go:138.17,140.4 1 0
github.com/wiebe-xyz/funnelbarn/internal/repository/funnels.go:141.3,141.27 1 1
github.com/wiebe-xyz/funnelbarn/internal/repository/funnels.go:144.2,144.21 1 1
github.com/wiebe-xyz/funnelbarn/internal/repository/funnels.go:148.77,150.16 2 1
github.com/wiebe-xyz/funnelbarn/internal/repository/funnels.go:150.16,152.3 1 0
github.com/wiebe-xyz/funnelbarn/internal/repository/funnels.go:153.2,155.19 2 1
github.com/wiebe-xyz/funnelbarn/internal/repository/funnels.go:155.19,157.3 1 1
github.com/wiebe-xyz/funnelbarn/internal/repository/funnels.go:158.2,158.158 1 1
github.com/wiebe-xyz/funnelbarn/internal/repository/funnels.go:158.158,160.3 1 0
github.com/wiebe-xyz/funnelbarn/internal/repository/funnels.go:162.2,162.99 1 1
github.com/wiebe-xyz/funnelbarn/internal/repository/funnels.go:162.99,164.3 1 0
github.com/wiebe-xyz/funnelbarn/internal/repository/funnels.go:166.2,167.25 2 1
github.com/wiebe-xyz/funnelbarn/internal/repository/funnels.go:167.25,169.17 2 1
github.com/wiebe-xyz/funnelbarn/internal/repository/funnels.go:169.17,171.4 1 0
github.com/wiebe-xyz/funnelbarn/internal/repository/funnels.go:172.3,176.138 4 1
github.com/wiebe-xyz/funnelbarn/internal/repository/funnels.go:176.138,178.4 1 0
github.com/wiebe-xyz/funnelbarn/internal/repository/funnels.go:181.2,181.36 1 1
github.com/wiebe-xyz/funnelbarn/internal/repository/funnels.go:181.36,183.3 1 0
github.com/wiebe-xyz/funnelbarn/internal/repository/funnels.go:185.2,185.32 1 1
github.com/wiebe-xyz/funnelbarn/internal/repository/funnels.go:189.68,193.2 3 1
github.com/wiebe-xyz/funnelbarn/internal/repository/funnels.go:196.89,199.16 3 1
github.com/wiebe-xyz/funnelbarn/internal/repository/funnels.go:199.16,201.3 1 0
github.com/wiebe-xyz/funnelbarn/internal/repository/funnels.go:202.2,205.18 3 1
github.com/wiebe-xyz/funnelbarn/internal/repository/funnels.go:205.18,208.109 3 1
github.com/wiebe-xyz/funnelbarn/internal/repository/funnels.go:208.109,210.4 1 0
github.com/wiebe-xyz/funnelbarn/internal/repository/funnels.go:211.3,211.47 1 1
github.com/wiebe-xyz/funnelbarn/internal/repository/funnels.go:211.47,213.4 1 1
github.com/wiebe-xyz/funnelbarn/internal/repository/funnels.go:214.3,214.30 1 1
github.com/wiebe-xyz/funnelbarn/internal/repository/funnels.go:216.2,216.26 1 1
github.com/wiebe-xyz/funnelbarn/internal/repository/funnels.go:233.86,234.16 1 1
github.com/wiebe-xyz/funnelbarn/internal/repository/funnels.go:234.16,236.3 1 1
github.com/wiebe-xyz/funnelbarn/internal/repository/funnels.go:237.2,237.38 1 1
github.com/wiebe-xyz/funnelbarn/internal/repository/funnels.go:237.38,238.26 1 0
github.com/wiebe-xyz/funnelbarn/internal/repository/funnels.go:238.26,240.4 1 0
github.com/wiebe-xyz/funnelbarn/internal/repository/funnels.go:241.3,241.40 1 0
github.com/wiebe-xyz/funnelbarn/internal/repository/funnels.go:245.2,252.31 2 1
github.com/wiebe-xyz/funnelbarn/internal/repository/funnels.go:252.31,254.3 1 0
github.com/wiebe-xyz/funnelbarn/internal/repository/funnels.go:256.2,257.16 2 1
github.com/wiebe-xyz/funnelbarn/internal/repository/funnels.go:258.12,259.40 1 1
github.com/wiebe-xyz/funnelbarn/internal/repository/funnels.go:260.13,261.41 1 1
github.com/wiebe-xyz/funnelbarn/internal/repository/funnels.go:262.17,263.70 1 0
github.com/wiebe-xyz/funnelbarn/internal/repository/funnels.go:264.21,265.76 1 0
github.com/wiebe-xyz/funnelbarn/internal/repository/funnels.go:267.2,267.23 1 0
github.com/wiebe-xyz/funnelbarn/internal/repository/funnels.go:272.152,273.23 1 1
github.com/wiebe-xyz/funnelbarn/internal/repository/funnels.go:273.23,275.3 1 0
github.com/wiebe-xyz/funnelbarn/internal/repository/funnels.go:277.2,278.17 2 1
github.com/wiebe-xyz/funnelbarn/internal/repository/funnels.go:278.17,280.3 1 0
github.com/wiebe-xyz/funnelbarn/internal/repository/funnels.go:281.2,293.24 7 1
github.com/wiebe-xyz/funnelbarn/internal/repository/funnels.go:293.24,295.23 2 1
github.com/wiebe-xyz/funnelbarn/internal/repository/funnels.go:295.23,297.4 1 1
github.com/wiebe-xyz/funnelbarn/internal/repository/funnels.go:299.2,299.22 1 1
github.com/wiebe-xyz/funnelbarn/internal/repository/funnels.go:299.22,302.3 2 0
github.com/wiebe-xyz/funnelbarn/internal/repository/funnels.go:303.2,303.19 1 1
github.com/wiebe-xyz/funnelbarn/internal/repository/funnels.go:303.19,305.3 1 0
github.com/wiebe-xyz/funnelbarn/internal/repository/funnels.go:307.2,308.27 2 1
github.com/wiebe-xyz/funnelbarn/internal/repository/funnels.go:308.27,310.3 1 1
github.com/wiebe-xyz/funnelbarn/internal/repository/funnels.go:313.2,314.19 2 1
github.com/wiebe-xyz/funnelbarn/internal/repository/funnels.go:314.19,316.3 1 0
github.com/wiebe-xyz/funnelbarn/internal/repository/funnels.go:318.2,319.31 2 1
github.com/wiebe-xyz/funnelbarn/internal/repository/funnels.go:319.31,324.15 4 1
github.com/wiebe-xyz/funnelbarn/internal/repository/funnels.go:324.15,331.4 1 0
github.com/wiebe-xyz/funnelbarn/internal/repository/funnels.go:331.9,337.4 1 1
github.com/wiebe-xyz/funnelbarn/internal/repository/funnels.go:338.3,341.39 2 1
github.com/wiebe-xyz/funnelbarn/internal/repository/funnels.go:341.39,342.55 1 0
github.com/wiebe-xyz/funnelbarn/internal/repository/funnels.go:342.55,343.13 1 0
github.com/wiebe-xyz/funnelbarn/internal/repository/funnels.go:345.4,346.37 2 0
github.com/wiebe-xyz/funnelbarn/internal/repository/funnels.go:349.3,349.72 1 1
github.com/wiebe-xyz/funnelbarn/internal/repository/funnels.go:349.72,351.4 1 0
github.com/wiebe-xyz/funnelbarn/internal/repository/funnels.go:352.3,352.20 1 1
github.com/wiebe-xyz/funnelbarn/internal/repository/funnels.go:355.2,357.31 3 1
github.com/wiebe-xyz/funnelbarn/internal/repository/funnels.go:357.31,359.16 2 1
github.com/wiebe-xyz/funnelbarn/internal/repository/funnels.go:359.16,361.4 1 0
github.com/wiebe-xyz/funnelbarn/internal/repository/funnels.go:362.3,362.35 1 1
github.com/wiebe-xyz/funnelbarn/internal/repository/funnels.go:362.35,364.4 1 0
github.com/wiebe-xyz/funnelbarn/internal/repository/funnels.go:365.3,365.17 1 1
github.com/wiebe-xyz/funnelbarn/internal/repository/funnels.go:367.2,367.21 1 1
github.com/wiebe-xyz/funnelbarn/internal/repository/funnels.go:373.127,374.16 1 0
github.com/wiebe-xyz/funnelbarn/internal/repository/funnels.go:374.16,376.3 1 0
github.com/wiebe-xyz/funnelbarn/internal/repository/funnels.go:377.2,377.47 1 0
github.com/wiebe-xyz/funnelbarn/internal/repository/funnels.go:377.47,379.3 1 0
github.com/wiebe-xyz/funnelbarn/internal/repository/funnels.go:381.2,382.29 2 0
github.com/wiebe-xyz/funnelbarn/internal/repository/funnels.go:382.29,383.32 1 0
github.com/wiebe-xyz/funnelbarn/internal/repository/funnels.go:383.32,385.9 2 0
github.com/wiebe-xyz/funnelbarn/internal/repository/funnels.go:390.2,395.16 3 0
github.com/wiebe-xyz/funnelbarn/internal/repository/funnels.go:395.16,397.3 1 0
github.com/wiebe-xyz/funnelbarn/internal/repository/funnels.go:398.2,399.18 2 0
github.com/wiebe-xyz/funnelbarn/internal/repository/funnels.go:399.18,401.40 2 0
github.com/wiebe-xyz/funnelbarn/internal/repository/funnels.go:401.40,404.4 2 0
github.com/wiebe-xyz/funnelbarn/internal/repository/funnels.go:405.3,405.21 1 0
github.com/wiebe-xyz/funnelbarn/internal/repository/funnels.go:407.2,408.35 2 0
github.com/wiebe-xyz/funnelbarn/internal/repository/funnels.go:408.35,410.3 1 0
github.com/wiebe-xyz/funnelbarn/internal/repository/funnels.go:413.2,413.31 1 0
github.com/wiebe-xyz/funnelbarn/internal/repository/funnels.go:413.31,415.27 2 0
github.com/wiebe-xyz/funnelbarn/internal/repository/funnels.go:415.27,417.25 2 0
github.com/wiebe-xyz/funnelbarn/internal/repository/funnels.go:417.25,418.10 1 0
github.com/wiebe-xyz/funnelbarn/internal/repository/funnels.go:421.3,421.18 1 0
github.com/wiebe-xyz/funnelbarn/internal/repository/funnels.go:425.2,426.29 2 0
github.com/wiebe-xyz/funnelbarn/internal/repository/funnels.go:426.29,427.34 1 0
github.com/wiebe-xyz/funnelbarn/internal/repository/funnels.go:427.34,429.9 2 0
github.com/wiebe-xyz/funnelbarn/internal/repository/funnels.go:432.2,437.16 3 0
github.com/wiebe-xyz/funnelbarn/internal/repository/funnels.go:437.16,439.3 1 0
github.com/wiebe-xyz/funnelbarn/internal/repository/funnels.go:440.2,441.22 2 0
github.com/wiebe-xyz/funnelbarn/internal/repository/funnels.go:441.22,443.44 2 0
github.com/wiebe-xyz/funnelbarn/internal/repository/funnels.go:443.44,445.4 1 0
github.com/wiebe-xyz/funnelbarn/internal/repository/funnels.go:446.3,446.22 1 0
github.com/wiebe-xyz/funnelbarn/internal/repository/funnels.go:448.2,448.39 1 0
github.com/wiebe-xyz/funnelbarn/internal/repository/funnels.go:448.39,450.3 1 0
github.com/wiebe-xyz/funnelbarn/internal/repository/funnels.go:452.2,453.26 2 0
github.com/wiebe-xyz/funnelbarn/internal/repository/funnels.go:453.26,455.24 2 0
github.com/wiebe-xyz/funnelbarn/internal/repository/funnels.go:455.24,456.9 1 0
github.com/wiebe-xyz/funnelbarn/internal/repository/funnels.go:459.2,459.17 1 0
github.com/wiebe-xyz/funnelbarn/internal/repository/funnels.go:463.93,464.21 1 1
github.com/wiebe-xyz/funnelbarn/internal/repository/funnels.go:464.21,466.3 1 1
github.com/wiebe-xyz/funnelbarn/internal/repository/funnels.go:467.2,472.29 3 0
github.com/wiebe-xyz/funnelbarn/internal/repository/funnels.go:472.29,474.10 2 0
github.com/wiebe-xyz/funnelbarn/internal/repository/funnels.go:474.10,475.12 1 0
github.com/wiebe-xyz/funnelbarn/internal/repository/funnels.go:477.3,477.24 1 0
github.com/wiebe-xyz/funnelbarn/internal/repository/funnels.go:477.24,479.4 1 0
github.com/wiebe-xyz/funnelbarn/internal/repository/funnels.go:480.3,482.24 3 0
github.com/wiebe-xyz/funnelbarn/internal/repository/funnels.go:483.13,485.35 2 0
github.com/wiebe-xyz/funnelbarn/internal/repository/funnels.go:486.14,488.35 2 0
github.com/wiebe-xyz/funnelbarn/internal/repository/funnels.go:489.19,491.43 2 0
github.com/wiebe-xyz/funnelbarn/internal/repository/funnels.go:492.23,494.43 2 0
github.com/wiebe-xyz/funnelbarn/internal/repository/funnels.go:495.18,496.75 1 0
github.com/wiebe-xyz/funnelbarn/internal/repository/funnels.go:497.22,498.81 1 0
github.com/wiebe-xyz/funnelbarn/internal/repository/funnels.go:501.2,501.21 1 0
github.com/wiebe-xyz/funnelbarn/internal/repository/funnels.go:501.21,503.3 1 0
github.com/wiebe-xyz/funnelbarn/internal/repository/funnels.go:504.2,504.53 1 0
github.com/wiebe-xyz/funnelbarn/internal/repository/funnels.go:515.98,518.54 2 1
github.com/wiebe-xyz/funnelbarn/internal/repository/funnels.go:518.54,521.17 3 1
github.com/wiebe-xyz/funnelbarn/internal/repository/funnels.go:521.17,523.4 1 0
github.com/wiebe-xyz/funnelbarn/internal/repository/funnels.go:524.3,526.19 3 1
github.com/wiebe-xyz/funnelbarn/internal/repository/funnels.go:526.19,528.40 2 0
github.com/wiebe-xyz/funnelbarn/internal/repository/funnels.go:528.40,530.5 1 0
github.com/wiebe-xyz/funnelbarn/internal/repository/funnels.go:531.4,531.26 1 0
github.com/wiebe-xyz/funnelbarn/internal/repository/funnels.go:533.3,533.26 1 1
github.com/wiebe-xyz/funnelbarn/internal/repository/funnels.go:536.2,537.69 2 1
github.com/wiebe-xyz/funnelbarn/internal/repository/funnels.go:537.69,539.3 1 0
github.com/wiebe-xyz/funnelbarn/internal/repository/funnels.go:540.2,540.62 1 1
github.com/wiebe-xyz/funnelbarn/internal/repository/funnels.go:540.62,542.3 1 0
github.com/wiebe-xyz/funnelbarn/internal/repository/funnels.go:543.2,543.68 1 1
github.com/wiebe-xyz/funnelbarn/internal/repository/funnels.go:543.68,545.3 1 0
github.com/wiebe-xyz/funnelbarn/internal/repository/funnels.go:546.2,546.17 1 1
github.com/wiebe-xyz/funnelbarn/internal/repository/helpers.go:9.37,11.43 2 1
github.com/wiebe-xyz/funnelbarn/internal/repository/helpers.go:11.43,13.3 1 0
github.com/wiebe-xyz/funnelbarn/internal/repository/helpers.go:14.2,17.50 3 1
github.com/wiebe-xyz/funnelbarn/internal/repository/helpers.go:20.23,23.2 2 1
github.com/wiebe-xyz/funnelbarn/internal/repository/helpers.go:25.36,26.13 1 1
github.com/wiebe-xyz/funnelbarn/internal/repository/helpers.go:26.13,28.3 1 1
github.com/wiebe-xyz/funnelbarn/internal/repository/helpers.go:29.2,29.10 1 1
github.com/wiebe-xyz/funnelbarn/internal/repository/instance_settings.go:12.91,16.35 4 1
github.com/wiebe-xyz/funnelbarn/internal/repository/instance_settings.go:16.35,18.3 1 1
github.com/wiebe-xyz/funnelbarn/internal/repository/instance_settings.go:19.2,19.16 1 1
github.com/wiebe-xyz/funnelbarn/internal/repository/instance_settings.go:19.16,21.3 1 0
github.com/wiebe-xyz/funnelbarn/internal/repository/instance_settings.go:22.2,22.25 1 1
github.com/wiebe-xyz/funnelbarn/internal/repository/instance_settings.go:26.82,33.2 3 1
github.com/wiebe-xyz/funnelbarn/internal/repository/instance_settings.go:36.88,39.16 3 1
github.com/wiebe-xyz/funnelbarn/internal/repository/instance_settings.go:39.16,41.3 1 0
github.com/wiebe-xyz/funnelbarn/internal/repository/instance_settings.go:42.2,45.18 3 1
github.com/wiebe-xyz/funnelbarn/internal/repository/instance_settings.go:45.18,47.43 2 1
github.com/wiebe-xyz/funnelbarn/internal/repository/instance_settings.go:47.43,49.4 1 0
github.com/wiebe-xyz/funnelbarn/internal/repository/instance_settings.go:50.3,50.13 1 1
github.com/wiebe-xyz/funnelbarn/internal/repository/instance_settings.go:52.2,52.24 1 1
github.com/wiebe-xyz/funnelbarn/internal/repository/projects.go:29.88,31.108 2 1
github.com/wiebe-xyz/funnelbarn/internal/repository/projects.go:31.108,33.3 1 1
github.com/wiebe-xyz/funnelbarn/internal/repository/projects.go:34.2,34.31 1 1
github.com/wiebe-xyz/funnelbarn/internal/repository/projects.go:38.78,40.16 2 1
github.com/wiebe-xyz/funnelbarn/internal/repository/projects.go:40.16,42.3 1 1
github.com/wiebe-xyz/funnelbarn/internal/repository/projects.go:43.2,43.31 1 1
github.com/wiebe-xyz/funnelbarn/internal/repository/projects.go:47.82,49.16 2 1
github.com/wiebe-xyz/funnelbarn/internal/repository/projects.go:49.16,51.3 1 1
github.com/wiebe-xyz/funnelbarn/internal/repository/projects.go:52.2,52.31 1 1
github.com/wiebe-xyz/funnelbarn/internal/repository/projects.go:63.82,65.16 2 1
github.com/wiebe-xyz/funnelbarn/internal/repository/projects.go:65.16,67.3 1 1
github.com/wiebe-xyz/funnelbarn/internal/repository/projects.go:68.2,68.26 1 1
github.com/wiebe-xyz/funnelbarn/internal/repository/projects.go:68.26,70.3 1 0
github.com/wiebe-xyz/funnelbarn/internal/repository/projects.go:72.2,72.25 1 1
github.com/wiebe-xyz/funnelbarn/internal/repository/projects.go:72.25,73.60 1 1
github.com/wiebe-xyz/funnelbarn/internal/repository/projects.go:73.60,75.4 1 1
github.com/wiebe-xyz/funnelbarn/internal/repository/projects.go:75.9,75.36 1 1
github.com/wiebe-xyz/funnelbarn/internal/repository/projects.go:75.36,77.4 1 0
github.com/wiebe-xyz/funnelbarn/internal/repository/projects.go:81.3,81.126 1 1
github.com/wiebe-xyz/funnelbarn/internal/repository/projects.go:84.2,84.41 1 1
github.com/wiebe-xyz/funnelbarn/internal/repository/projects.go:90.35,91.18 1 1
github.com/wiebe-xyz/funnelbarn/internal/repository/projects.go:91.18,93.3 1 1
github.com/wiebe-xyz/funnelbarn/internal/repository/projects.go:94.2,94.22 1 1
github.com/wiebe-xyz/funnelbarn/internal/repository/projects.go:94.22,95.12 1 1
github.com/wiebe-xyz/funnelbarn/internal/repository/projects.go:96.22,97.16 1 1
github.com/wiebe-xyz/funnelbarn/internal/repository/projects.go:97.16,99.5 1 0
github.com/wiebe-xyz/funnelbarn/internal/repository/projects.go:100.11,101.85 1 1
github.com/wiebe-xyz/funnelbarn/internal/repository/projects.go:101.85,103.5 1 0
github.com/wiebe-xyz/funnelbarn/internal/repository/projects.go:106.2,106.13 1 1
github.com/wiebe-xyz/funnelbarn/internal/repository/projects.go:111.95,113.16 2 1
github.com/wiebe-xyz/funnelbarn/internal/repository/projects.go:113.16,115.3 1 1
github.com/wiebe-xyz/funnelbarn/internal/repository/projects.go:116.2,116.26 1 1
github.com/wiebe-xyz/funnelbarn/internal/repository/projects.go:116.26,118.3 1 0
github.com/wiebe-xyz/funnelbarn/internal/repository/projects.go:119.2,120.122 2 1
github.com/wiebe-xyz/funnelbarn/internal/repository/projects.go:120.122,122.3 1 0
github.com/wiebe-xyz/funnelbarn/internal/repository/projects.go:123.2,123.31 1 1
github.com/wiebe-xyz/funnelbarn/internal/repository/projects.go:127.81,128.52 1 1
github.com/wiebe-xyz/funnelbarn/internal/repository/projects.go:128.52,130.3 1 0
github.com/wiebe-xyz/funnelbarn/internal/repository/projects.go:131.2,131.31 1 1
github.com/wiebe-xyz/funnelbarn/internal/repository/projects.go:135.70,137.16 2 1
github.com/wiebe-xyz/funnelbarn/internal/repository/projects.go:137.16,139.3 1 0
github.com/wiebe-xyz/funnelbarn/internal/repository/projects.go:140.2,141.25 2 1
github.com/wiebe-xyz/funnelbarn/internal/repository/projects.go:141.25,143.3 1 1
github.com/wiebe-xyz/funnelbarn/internal/repository/projects.go:144.2,144.22 1 1
github.com/wiebe-xyz/funnelbarn/internal/repository/projects.go:148.69,150.2 1 1
github.com/wiebe-xyz/funnelbarn/internal/repository/projects.go:153.94,155.115 2 1
github.com/wiebe-xyz/funnelbarn/internal/repository/projects.go:155.115,157.3 1 0
github.com/wiebe-xyz/funnelbarn/internal/repository/projects.go:158.2,158.31 1 1
github.com/wiebe-xyz/funnelbarn/internal/repository/projects.go:162.64,164.16 2 1
github.com/wiebe-xyz/funnelbarn/internal/repository/projects.go:164.16,166.3 1 0
github.com/wiebe-xyz/funnelbarn/internal/repository/projects.go:167.2,167.19 1 1
github.com/wiebe-xyz/funnelbarn/internal/repository/projects.go:170.48,179.2 1 1
github.com/wiebe-xyz/funnelbarn/internal/repository/recordings.go:49.73,60.22 3 1
github.com/wiebe-xyz/funnelbarn/internal/repository/recordings.go:60.22,62.3 1 0
github.com/wiebe-xyz/funnelbarn/internal/repository/recordings.go:63.2,64.13 2 1
github.com/wiebe-xyz/funnelbarn/internal/repository/recordings.go:64.13,66.3 1 1
github.com/wiebe-xyz/funnelbarn/internal/repository/recordings.go:67.2,72.12 2 1
github.com/wiebe-xyz/funnelbarn/internal/repository/recordings.go:76.81,82.2 2 1
github.com/wiebe-xyz/funnelbarn/internal/repository/recordings.go:85.116,89.28 3 1
github.com/wiebe-xyz/funnelbarn/internal/repository/recordings.go:89.28,92.3 2 0
github.com/wiebe-xyz/funnelbarn/internal/repository/recordings.go:93.2,93.30 1 1
github.com/wiebe-xyz/funnelbarn/internal/repository/recordings.go:93.30,95.38 2 1
github.com/wiebe-xyz/funnelbarn/internal/repository/recordings.go:95.38,98.4 2 1
github.com/wiebe-xyz/funnelbarn/internal/repository/recordings.go:99.3,99.79 1 1
github.com/wiebe-xyz/funnelbarn/internal/repository/recordings.go:101.2,101.27 1 1
github.com/wiebe-xyz/funnelbarn/internal/repository/recordings.go:101.27,104.3 2 1
github.com/wiebe-xyz/funnelbarn/internal/repository/recordings.go:105.2,105.20 1 1
github.com/wiebe-xyz/funnelbarn/internal/repository/recordings.go:105.20,107.3 1 1
github.com/wiebe-xyz/funnelbarn/internal/repository/recordings.go:108.2,108.24 1 1
github.com/wiebe-xyz/funnelbarn/internal/repository/recordings.go:108.24,111.3 2 0
github.com/wiebe-xyz/funnelbarn/internal/repository/recordings.go:113.2,114.16 2 1
github.com/wiebe-xyz/funnelbarn/internal/repository/recordings.go:114.16,116.3 1 0
github.com/wiebe-xyz/funnelbarn/internal/repository/recordings.go:117.2,129.16 5 1
github.com/wiebe-xyz/funnelbarn/internal/repository/recordings.go:129.16,131.3 1 0
github.com/wiebe-xyz/funnelbarn/internal/repository/recordings.go:132.2,135.18 3 1
github.com/wiebe-xyz/funnelbarn/internal/repository/recordings.go:135.18,137.17 2 1
github.com/wiebe-xyz/funnelbarn/internal/repository/recordings.go:137.17,139.4 1 0
github.com/wiebe-xyz/funnelbarn/internal/repository/recordings.go:140.3,140.23 1 1
github.com/wiebe-xyz/funnelbarn/internal/repository/recordings.go:142.2,142.24 1 1
github.com/wiebe-xyz/funnelbarn/internal/repository/recordings.go:146.95,153.16 3 1
github.com/wiebe-xyz/funnelbarn/internal/repository/recordings.go:153.16,155.3 1 0
github.com/wiebe-xyz/funnelbarn/internal/repository/recordings.go:156.2,158.18 3 1
github.com/wiebe-xyz/funnelbarn/internal/repository/recordings.go:158.18,160.71 2 1
github.com/wiebe-xyz/funnelbarn/internal/repository/recordings.go:160.71,162.4 1 0
github.com/wiebe-xyz/funnelbarn/internal/repository/recordings.go:163.3,163.23 1 1
github.com/wiebe-xyz/funnelbarn/internal/repository/recordings.go:165.2,165.24 1 1
github.com/wiebe-xyz/funnelbarn/internal/repository/recordings.go:169.71,172.2 2 1
github.com/wiebe-xyz/funnelbarn/internal/repository/recordings.go:176.124,184.16 3 0
github.com/wiebe-xyz/funnelbarn/internal/repository/recordings.go:184.16,186.3 1 0
github.com/wiebe-xyz/funnelbarn/internal/repository/recordings.go:187.2,190.18 3 0
github.com/wiebe-xyz/funnelbarn/internal/repository/recordings.go:190.18,192.76 2 0
github.com/wiebe-xyz/funnelbarn/internal/repository/recordings.go:192.76,194.4 1 0
github.com/wiebe-xyz/funnelbarn/internal/repository/recordings.go:195.3,195.23 1 0
github.com/wiebe-xyz/funnelbarn/internal/repository/recordings.go:197.2,197.24 1 0
github.com/wiebe-xyz/funnelbarn/internal/repository/recordings.go:200.53,209.19 5 1
github.com/wiebe-xyz/funnelbarn/internal/repository/recordings.go:209.19,211.3 1 0
github.com/wiebe-xyz/funnelbarn/internal/repository/recordings.go:212.2,213.15 2 1
github.com/wiebe-xyz/funnelbarn/internal/repository/recordings.go:216.67,225.19 5 1
github.com/wiebe-xyz/funnelbarn/internal/repository/recordings.go:225.19,227.3 1 0
github.com/wiebe-xyz/funnelbarn/internal/repository/recordings.go:228.2,229.15 2 1
github.com/wiebe-xyz/funnelbarn/internal/repository/segments.go:42.82,44.16 2 1
github.com/wiebe-xyz/funnelbarn/internal/repository/segments.go:44.16,46.3 1 0
github.com/wiebe-xyz/funnelbarn/internal/repository/segments.go:47.2,50.104 4 1
github.com/wiebe-xyz/funnelbarn/internal/repository/segments.go:50.104,52.3 1 0
github.com/wiebe-xyz/funnelbarn/internal/repository/segments.go:53.2,53.35 1 1
github.com/wiebe-xyz/funnelbarn/internal/repository/segments.go:57.78,62.35 5 1
github.com/wiebe-xyz/funnelbarn/internal/repository/segments.go:62.35,64.3 1 1
github.com/wiebe-xyz/funnelbarn/internal/repository/segments.go:65.2,65.16 1 1
github.com/wiebe-xyz/funnelbarn/internal/repository/segments.go:65.16,67.3 1 0
github.com/wiebe-xyz/funnelbarn/internal/repository/segments.go:68.2,69.17 2 1
github.com/wiebe-xyz/funnelbarn/internal/repository/segments.go:73.88,76.16 3 1
github.com/wiebe-xyz/funnelbarn/internal/repository/segments.go:76.16,78.3 1 0
github.com/wiebe-xyz/funnelbarn/internal/repository/segments.go:79.2,82.18 3 1
github.com/wiebe-xyz/funnelbarn/internal/repository/segments.go:82.18,85.99 3 1
github.com/wiebe-xyz/funnelbarn/internal/repository/segments.go:85.99,87.4 1 0
github.com/wiebe-xyz/funnelbarn/internal/repository/segments.go:88.3,89.27 2 1
github.com/wiebe-xyz/funnelbarn/internal/repository/segments.go:91.2,91.25 1 1
github.com/wiebe-xyz/funnelbarn/internal/repository/segments.go:95.82,98.89 3 1
github.com/wiebe-xyz/funnelbarn/internal/repository/segments.go:98.89,100.3 1 0
github.com/wiebe-xyz/funnelbarn/internal/repository/segments.go:101.2,101.35 1 1
github.com/wiebe-xyz/funnelbarn/internal/repository/segments.go:105.69,109.2 3 1
github.com/wiebe-xyz/funnelbarn/internal/repository/segments.go:112.107,134.2 3 1
github.com/wiebe-xyz/funnelbarn/internal/repository/segments.go:148.26,149.14 1 1
github.com/wiebe-xyz/funnelbarn/internal/repository/segments.go:149.14,151.3 1 1
github.com/wiebe-xyz/funnelbarn/internal/repository/segments.go:152.2,152.11 1 1
github.com/wiebe-xyz/funnelbarn/internal/repository/segments.go:155.35,156.14 1 1
github.com/wiebe-xyz/funnelbarn/internal/repository/segments.go:156.14,158.3 1 1
github.com/wiebe-xyz/funnelbarn/internal/repository/segments.go:159.2,159.11 1 1
github.com/wiebe-xyz/funnelbarn/internal/repository/segments.go:162.28,163.14 1 1
github.com/wiebe-xyz/funnelbarn/internal/repository/segments.go:163.14,165.3 1 1
github.com/wiebe-xyz/funnelbarn/internal/repository/segments.go:166.2,166.8 1 1
github.com/wiebe-xyz/funnelbarn/internal/repository/segments.go:166.8,168.3 1 1
github.com/wiebe-xyz/funnelbarn/internal/repository/segments.go:169.2,169.10 1 1
github.com/wiebe-xyz/funnelbarn/internal/repository/sessions.go:41.72,64.2 3 1
github.com/wiebe-xyz/funnelbarn/internal/repository/sessions.go:67.78,79.2 2 1
github.com/wiebe-xyz/funnelbarn/internal/repository/sessions.go:82.107,83.16 1 1
github.com/wiebe-xyz/funnelbarn/internal/repository/sessions.go:83.16,85.3 1 0
github.com/wiebe-xyz/funnelbarn/internal/repository/sessions.go:86.2,100.16 3 1
github.com/wiebe-xyz/funnelbarn/internal/repository/sessions.go:100.16,102.3 1 0
github.com/wiebe-xyz/funnelbarn/internal/repository/sessions.go:103.2,106.18 3 1
github.com/wiebe-xyz/funnelbarn/internal/repository/sessions.go:106.18,108.58 2 1
github.com/wiebe-xyz/funnelbarn/internal/repository/sessions.go:108.58,110.4 1 0
github.com/wiebe-xyz/funnelbarn/internal/repository/sessions.go:111.3,111.36 1 1
github.com/wiebe-xyz/funnelbarn/internal/repository/sessions.go:113.2,113.29 1 1
github.com/wiebe-xyz/funnelbarn/internal/repository/sessions.go:117.109,125.2 4 1
github.com/wiebe-xyz/funnelbarn/internal/repository/sessions.go:128.82,138.2 3 0
github.com/wiebe-xyz/funnelbarn/internal/repository/sessions.go:142.86,151.16 3 0
github.com/wiebe-xyz/funnelbarn/internal/repository/sessions.go:151.16,153.3 1 0
github.com/wiebe-xyz/funnelbarn/internal/repository/sessions.go:154.2,154.27 1 0
github.com/wiebe-xyz/funnelbarn/internal/repository/sessions.go:157.49,170.2 3 1
github.com/wiebe-xyz/funnelbarn/internal/repository/sessions.go:172.67,183.2 1 1
github.com/wiebe-xyz/funnelbarn/internal/repository/sessions.go:185.31,186.12 1 1
github.com/wiebe-xyz/funnelbarn/internal/repository/sessions.go:186.12,188.3 1 1
github.com/wiebe-xyz/funnelbarn/internal/repository/sessions.go:189.2,189.10 1 0
github.com/wiebe-xyz/funnelbarn/internal/repository/users.go:19.86,26.2 3 1
github.com/wiebe-xyz/funnelbarn/internal/repository/users.go:29.84,33.16 4 1
github.com/wiebe-xyz/funnelbarn/internal/repository/users.go:33.16,35.3 1 1
github.com/wiebe-xyz/funnelbarn/internal/repository/users.go:36.2,36.15 1 1
github.com/wiebe-xyz/funnelbarn/internal/repository/users.go:40.85,44.16 4 0
github.com/wiebe-xyz/funnelbarn/internal/repository/users.go:44.16,46.3 1 0
github.com/wiebe-xyz/funnelbarn/internal/repository/users.go:47.2,47.15 1 0
github.com/wiebe-xyz/funnelbarn/internal/repository/users.go:53.92,55.60 1 0
github.com/wiebe-xyz/funnelbarn/internal/repository/users.go:55.60,59.3 3 0
github.com/wiebe-xyz/funnelbarn/internal/repository/users.go:61.2,62.80 2 0
github.com/wiebe-xyz/funnelbarn/internal/repository/users.go:62.80,64.78 1 0
github.com/wiebe-xyz/funnelbarn/internal/repository/users.go:64.78,66.4 1 0
github.com/wiebe-xyz/funnelbarn/internal/repository/users.go:68.2,68.41 1 0
github.com/wiebe-xyz/funnelbarn/internal/repository/widgets.go:16.41,18.2 1 0
github.com/wiebe-xyz/funnelbarn/internal/repository/widgets.go:20.33,22.2 1 0
github.com/wiebe-xyz/funnelbarn/internal/repository/widgets.go:42.95,45.16 3 0
github.com/wiebe-xyz/funnelbarn/internal/repository/widgets.go:45.16,47.3 1 0
github.com/wiebe-xyz/funnelbarn/internal/repository/widgets.go:49.2,49.30 1 0
github.com/wiebe-xyz/funnelbarn/internal/repository/widgets.go:49.30,51.3 1 0
github.com/wiebe-xyz/funnelbarn/internal/repository/widgets.go:52.2,53.125 2 0
github.com/wiebe-xyz/funnelbarn/internal/repository/widgets.go:53.125,55.3 1 0
github.com/wiebe-xyz/funnelbarn/internal/repository/widgets.go:57.2,57.32 1 0
github.com/wiebe-xyz/funnelbarn/internal/repository/widgets.go:60.85,63.156 3 0
github.com/wiebe-xyz/funnelbarn/internal/repository/widgets.go:63.156,65.3 1 0
github.com/wiebe-xyz/funnelbarn/internal/repository/widgets.go:66.2,66.15 1 0
github.com/wiebe-xyz/funnelbarn/internal/repository/widgets.go:69.95,72.16 3 0
github.com/wiebe-xyz/funnelbarn/internal/repository/widgets.go:72.16,74.3 1 0
github.com/wiebe-xyz/funnelbarn/internal/repository/widgets.go:75.2,78.18 3 0
github.com/wiebe-xyz/funnelbarn/internal/repository/widgets.go:78.18,80.129 2 0
github.com/wiebe-xyz/funnelbarn/internal/repository/widgets.go:80.129,82.4 1 0
github.com/wiebe-xyz/funnelbarn/internal/repository/widgets.go:83.3,83.31 1 0
github.com/wiebe-xyz/funnelbarn/internal/repository/widgets.go:85.2,85.28 1 0
github.com/wiebe-xyz/funnelbarn/internal/repository/widgets.go:88.95,89.30 1 0
github.com/wiebe-xyz/funnelbarn/internal/repository/widgets.go:89.30,91.3 1 0
github.com/wiebe-xyz/funnelbarn/internal/repository/widgets.go:92.2,93.112 2 0
github.com/wiebe-xyz/funnelbarn/internal/repository/widgets.go:93.112,95.3 1 0
github.com/wiebe-xyz/funnelbarn/internal/repository/widgets.go:96.2,96.32 1 0
github.com/wiebe-xyz/funnelbarn/internal/repository/widgets.go:99.68,102.2 2 0
github.com/wiebe-xyz/funnelbarn/internal/repository/widgets.go:108.141,109.20 1 0
github.com/wiebe-xyz/funnelbarn/internal/repository/widgets.go:109.20,111.3 1 0
github.com/wiebe-xyz/funnelbarn/internal/repository/widgets.go:113.2,114.32 2 0
github.com/wiebe-xyz/funnelbarn/internal/repository/widgets.go:114.32,130.3 1 0
github.com/wiebe-xyz/funnelbarn/internal/repository/widgets.go:130.8,131.47 1 0
github.com/wiebe-xyz/funnelbarn/internal/repository/widgets.go:131.47,133.4 1 0
github.com/wiebe-xyz/funnelbarn/internal/repository/widgets.go:134.3,148.23 1 0
github.com/wiebe-xyz/funnelbarn/internal/repository/widgets.go:151.2,152.16 2 0
github.com/wiebe-xyz/funnelbarn/internal/repository/widgets.go:152.16,154.3 1 0
github.com/wiebe-xyz/funnelbarn/internal/repository/widgets.go:155.2,158.18 3 0
github.com/wiebe-xyz/funnelbarn/internal/repository/widgets.go:158.18,160.55 2 0
github.com/wiebe-xyz/funnelbarn/internal/repository/widgets.go:160.55,162.4 1 0
github.com/wiebe-xyz/funnelbarn/internal/repository/widgets.go:163.3,163.31 1 0
github.com/wiebe-xyz/funnelbarn/internal/repository/widgets.go:165.2,165.28 1 0
github.com/wiebe-xyz/funnelbarn/internal/repository/widgets.go:168.120,171.96 3 0
github.com/wiebe-xyz/funnelbarn/internal/repository/widgets.go:171.96,173.3 1 0
github.com/wiebe-xyz/funnelbarn/internal/repository/widgets.go:174.2,174.66 1 0
